0.6059 	WARNING 	We strongly recommend you activate the PTB sound engine in PsychoPy prefs as the preferred audio engine. Its timing is vastly superior. Your prefs are currently set to use ['sounddevice', 'PTB', 'pyo', 'pygame'] (in that order).
0.6060 	WARNING 	Requested audio device 'MacBook Pro Speakers' that is not available on this hardware. The 'audioDevice' preference should be one of ['DELL U2718Q']
12.8027 	WARNING 	User requested fullscreen with size [1280  800], but screen is actually [2560, 1440]. Using actual size
15.0400 	WARNING 	Couldn't measure a consistent frame rate.
  - Is your graphics card set to sync to vertical blank?
  - Are you running other processes on your computer?

15.0403 	EXP 	Created window1 = Window(allowGUI=False, allowStencil=False, args=UNKNOWN, autoLog=True, bitsMode=UNKNOWN, blendMode='avg', bpc=(8, 8, 8), color='white', colorSpace='named', depthBits=8, fullscr=<method-wrapper '__getattribute__' of attributeSetter object at 0x146fd3ac8>, gamma=None, gammaErrorPolicy='raise', kwargs=UNKNOWN, lms=UNKNOWN, monitor=<psychopy.monitors.calibTools.Monitor object at 0x143687860>, multiSample=False, name='window1', numSamples=2, pos=[640.0, 360.0], screen=0, size=array([5120, 2880]), stencilBits=0, stereo=False, units='height', useFBO=True, useRetina=True, viewOri=0.0, viewPos=None, viewScale=None, waitBlanking=True, winType='pyglet')
15.0404 	EXP 	window1: recordFrameIntervals = False
15.2042 	EXP 	window1: recordFrameIntervals = True
16.8707 	WARNING 	Couldn't measure a consistent frame rate.
  - Is your graphics card set to sync to vertical blank?
  - Are you running other processes on your computer?

17.9254 	EXP 	Created InstrText = TextStim(__class__=<class 'psychopy.visual.text.TextStim'>, alignHoriz=method-wrapper(...), alignText='center', alignVert=method-wrapper(...), anchorHoriz='center', anchorVert='center', antialias=True, autoLog=True, bold=False, color='black', colorSpace='named', contrast=1.0, depth=0.0, flipHoriz=False, flipVert=False, font='Arial', fontFiles=[], height=0.05, italic=False, languageStyle='LTR', name='InstrText', opacity=1.0, ori=0, pos=array([0., 0.]), rgb=array([0., 0., 0.]), text=str(...), units='height', win=Window(...), wrapWidth=1)
18.8879 	EXP 	Created Fixation0 = ShapeStim(__class__=<class 'psychopy.visual.shape.ShapeStim'>, autoDraw=False, autoLog=True, closeShape=True, contrast=1.0, depth=-1.0, fillColor='black', fillColorSpace='named', interpolate=True, lineColor='black', lineColorSpace='named', lineWidth=1, name='Fixation0', opacity=1.0, ori=array(0.), pos=array([0., 0.]), size=array([0.1, 0.1]), units='height', vertices=ndarray(...), win=Window(...), windingRule=None)
18.8893 	EXP 	Created Upper_image = ImageStim(__class__=<class 'psychopy.visual.image.ImageStim'>, autoLog=True, color=array([1., 1., 1.]), colorSpace='rgb', contrast=1.0, depth=-2.0, flipHoriz=False, flipVert=False, image='sin', interpolate=False, mask=None, maskParams=None, name='Upper_image', opacity=1.0, ori=0.0, pos=array([0.  , 0.16]), size=array([0.5, 0.5]), texRes=128, units='height', win=Window(...))
18.8904 	EXP 	Created Lower_image = ImageStim(__class__=<class 'psychopy.visual.image.ImageStim'>, autoLog=True, color=array([1., 1., 1.]), colorSpace='rgb', contrast=1.0, depth=-3.0, flipHoriz=False, flipVert=False, image='sin', interpolate=False, mask=None, maskParams=None, name='Lower_image', opacity=1.0, ori=0.0, pos=array([ 0.  , -0.16]), size=array([0.5, 0.5]), texRes=128, units='height', win=Window(...))
18.8912 	EXP 	Created BlankTest = TextStim(__class__=<class 'psychopy.visual.text.TextStim'>, alignHoriz=method-wrapper(...), alignText='center', alignVert=method-wrapper(...), anchorHoriz='center', anchorVert='center', antialias=True, autoLog=True, bold=False, color='white', colorSpace='named', contrast=1.0, depth=0.0, flipHoriz=False, flipVert=False, font='Arial', fontFiles=[], height=0.1, italic=False, languageStyle='LTR', name='BlankTest', opacity=1.0, ori=0, pos=array([0., 0.]), rgb=array([255., 255., 255.]), text='', units='height', win=Window(...), wrapWidth=1)
18.8967 	EXP 	Created BreakText = TextStim(__class__=<class 'psychopy.visual.text.TextStim'>, alignHoriz=method-wrapper(...), alignText='center', alignVert=method-wrapper(...), anchorHoriz='center', anchorVert='center', antialias=True, autoLog=True, bold=False, color='black', colorSpace='named', contrast=1.0, depth=0.0, flipHoriz=False, flipVert=False, font='Arial', fontFiles=[], height=0.05, italic=False, languageStyle='LTR', name='BreakText', opacity=1.0, ori=0, pos=array([0., 0.]), rgb=array([0., 0., 0.]), text=str(...), units='height', win=Window(...), wrapWidth=1)
19.8772 	EXP 	Created Fixation = ShapeStim(__class__=<class 'psychopy.visual.shape.ShapeStim'>, autoDraw=False, autoLog=True, closeShape=True, contrast=1.0, depth=-1.0, fillColor='black', fillColorSpace='named', interpolate=True, lineColor='black', lineColorSpace='named', lineWidth=1, name='Fixation', opacity=1.0, ori=array(0.), pos=array([0., 0.]), size=array([0.1, 0.1]), units='height', vertices=ndarray(...), win=Window(...), windingRule=None)
19.8784 	EXP 	Created AF_image_1 = ImageStim(__class__=<class 'psychopy.visual.image.ImageStim'>, autoLog=True, color=array([1., 1., 1.]), colorSpace='rgb', contrast=1.0, depth=-2.0, flipHoriz=False, flipVert=False, image='sin', interpolate=False, mask=None, maskParams=None, name='AF_image_1', opacity=1.0, ori=0.0, pos=array([0.  , 0.16]), size=array([0.5, 0.5]), texRes=128, units='height', win=Window(...))
19.8795 	EXP 	Created AF_image_2 = ImageStim(__class__=<class 'psychopy.visual.image.ImageStim'>, autoLog=True, color=array([1., 1., 1.]), colorSpace='rgb', contrast=1.0, depth=-3.0, flipHoriz=False, flipVert=False, image='sin', interpolate=False, mask=None, maskParams=None, name='AF_image_2', opacity=1.0, ori=0.0, pos=array([ 0.  , -0.16]), size=array([0.5, 0.5]), texRes=128, units='height', win=Window(...))
19.8800 	EXP 	Created BlankTest = TextStim(__class__=<class 'psychopy.visual.text.TextStim'>, alignHoriz=method-wrapper(...), alignText='center', alignVert=method-wrapper(...), anchorHoriz='center', anchorVert='center', antialias=True, autoLog=True, bold=False, color='white', colorSpace='named', contrast=1.0, depth=0.0, flipHoriz=False, flipVert=False, font='Arial', fontFiles=[], height=0.1, italic=False, languageStyle='LTR', name='BlankTest', opacity=1.0, ori=0, pos=array([0., 0.]), rgb=array([255., 255., 255.]), text='', units='height', win=Window(...), wrapWidth=1)
19.8808 	EXP 	Created Fixation2 = ShapeStim(__class__=<class 'psychopy.visual.shape.ShapeStim'>, autoDraw=False, autoLog=True, closeShape=True, contrast=1.0, depth=-1.0, fillColor='black', fillColorSpace='named', interpolate=True, lineColor='black', lineColorSpace='named', lineWidth=1, name='Fixation2', opacity=1.0, ori=array(0.), pos=array([0., 0.]), size=array([0.1, 0.1]), units='height', vertices=ndarray(...), win=Window(...), windingRule=None)
19.8819 	EXP 	Created AM_image_1 = ImageStim(__class__=<class 'psychopy.visual.image.ImageStim'>, autoLog=True, color=array([1., 1., 1.]), colorSpace='rgb', contrast=1.0, depth=-2.0, flipHoriz=False, flipVert=False, image='sin', interpolate=False, mask=None, maskParams=None, name='AM_image_1', opacity=1.0, ori=0.0, pos=array([0.  , 0.16]), size=array([0.5, 0.5]), texRes=128, units='height', win=Window(...))
19.8830 	EXP 	Created AM_imgae_2 = ImageStim(__class__=<class 'psychopy.visual.image.ImageStim'>, autoLog=True, color=array([1., 1., 1.]), colorSpace='rgb', contrast=1.0, depth=-3.0, flipHoriz=False, flipVert=False, image='sin', interpolate=False, mask=None, maskParams=None, name='AM_imgae_2', opacity=1.0, ori=0.0, pos=array([ 0.  , -0.16]), size=array([0.5, 0.5]), texRes=128, units='height', win=Window(...))
19.8834 	EXP 	Created BlankTest = TextStim(__class__=<class 'psychopy.visual.text.TextStim'>, alignHoriz=method-wrapper(...), alignText='center', alignVert=method-wrapper(...), anchorHoriz='center', anchorVert='center', antialias=True, autoLog=True, bold=False, color='white', colorSpace='named', contrast=1.0, depth=0.0, flipHoriz=False, flipVert=False, font='Arial', fontFiles=[], height=0.1, italic=False, languageStyle='LTR', name='BlankTest', opacity=1.0, ori=0, pos=array([0., 0.]), rgb=array([255., 255., 255.]), text='', units='height', win=Window(...), wrapWidth=1)
19.8842 	EXP 	Created Fixation3 = ShapeStim(__class__=<class 'psychopy.visual.shape.ShapeStim'>, autoDraw=False, autoLog=True, closeShape=True, contrast=1.0, depth=-1.0, fillColor='black', fillColorSpace='named', interpolate=True, lineColor='black', lineColorSpace='named', lineWidth=1, name='Fixation3', opacity=1.0, ori=array(0.), pos=array([0., 0.]), size=array([0.1, 0.1]), units='height', vertices=ndarray(...), win=Window(...), windingRule=None)
19.8853 	EXP 	Created CF_image_1 = ImageStim(__class__=<class 'psychopy.visual.image.ImageStim'>, autoLog=True, color=array([1., 1., 1.]), colorSpace='rgb', contrast=1.0, depth=-2.0, flipHoriz=False, flipVert=False, image='sin', interpolate=False, mask=None, maskParams=None, name='CF_image_1', opacity=1.0, ori=0.0, pos=array([0.  , 0.16]), size=array([0.5, 0.5]), texRes=128, units='height', win=Window(...))
19.8864 	EXP 	Created CF_image_2 = ImageStim(__class__=<class 'psychopy.visual.image.ImageStim'>, autoLog=True, color=array([1., 1., 1.]), colorSpace='rgb', contrast=1.0, depth=-3.0, flipHoriz=False, flipVert=False, image='sin', interpolate=False, mask=None, maskParams=None, name='CF_image_2', opacity=1.0, ori=0.0, pos=array([ 0.  , -0.16]), size=array([0.5, 0.5]), texRes=128, units='height', win=Window(...))
19.8868 	EXP 	Created BlankTest = TextStim(__class__=<class 'psychopy.visual.text.TextStim'>, alignHoriz=method-wrapper(...), alignText='center', alignVert=method-wrapper(...), anchorHoriz='center', anchorVert='center', antialias=True, autoLog=True, bold=False, color='white', colorSpace='named', contrast=1.0, depth=0.0, flipHoriz=False, flipVert=False, font='Arial', fontFiles=[], height=0.1, italic=False, languageStyle='LTR', name='BlankTest', opacity=1.0, ori=0, pos=array([0., 0.]), rgb=array([255., 255., 255.]), text='', units='height', win=Window(...), wrapWidth=1)
19.8876 	EXP 	Created Fixation4 = ShapeStim(__class__=<class 'psychopy.visual.shape.ShapeStim'>, autoDraw=False, autoLog=True, closeShape=True, contrast=1.0, depth=-1.0, fillColor='black', fillColorSpace='named', interpolate=True, lineColor='black', lineColorSpace='named', lineWidth=1, name='Fixation4', opacity=1.0, ori=array(0.), pos=array([0., 0.]), size=array([0.1, 0.1]), units='height', vertices=ndarray(...), win=Window(...), windingRule=None)
19.8887 	EXP 	Created CM_image_1 = ImageStim(__class__=<class 'psychopy.visual.image.ImageStim'>, autoLog=True, color=array([1., 1., 1.]), colorSpace='rgb', contrast=1.0, depth=-2.0, flipHoriz=False, flipVert=False, image='sin', interpolate=False, mask=None, maskParams=None, name='CM_image_1', opacity=1.0, ori=0.0, pos=array([0.  , 0.16]), size=array([0.5, 0.5]), texRes=128, units='height', win=Window(...))
19.8898 	EXP 	Created CM_image_2 = ImageStim(__class__=<class 'psychopy.visual.image.ImageStim'>, autoLog=True, color=array([1., 1., 1.]), colorSpace='rgb', contrast=1.0, depth=-3.0, flipHoriz=False, flipVert=False, image='sin', interpolate=False, mask=None, maskParams=None, name='CM_image_2', opacity=1.0, ori=0.0, pos=array([ 0.  , -0.16]), size=array([0.5, 0.5]), texRes=128, units='height', win=Window(...))
19.8902 	EXP 	Created BlankTest = TextStim(__class__=<class 'psychopy.visual.text.TextStim'>, alignHoriz=method-wrapper(...), alignText='center', alignVert=method-wrapper(...), anchorHoriz='center', anchorVert='center', antialias=True, autoLog=True, bold=False, color='white', colorSpace='named', contrast=1.0, depth=0.0, flipHoriz=False, flipVert=False, font='Arial', fontFiles=[], height=0.1, italic=False, languageStyle='LTR', name='BlankTest', opacity=1.0, ori=0, pos=array([0., 0.]), rgb=array([255., 255., 255.]), text='', units='height', win=Window(...), wrapWidth=1)
19.8957 	EXP 	Created text = TextStim(__class__=<class 'psychopy.visual.text.TextStim'>, alignHoriz=method-wrapper(...), alignText='center', alignVert=method-wrapper(...), anchorHoriz='center', anchorVert='center', antialias=True, autoLog=True, bold=False, color='black', colorSpace='named', contrast=1.0, depth=0.0, flipHoriz=False, flipVert=False, font='Arial', fontFiles=[], height=0.1, italic=False, languageStyle='LTR', name='text', opacity=1.0, ori=0, pos=array([0., 0.]), rgb=array([0., 0., 0.]), text='Thank you!', units='height', win=Window(...), wrapWidth=1)
19.9221 	WARNING 	t of last frame was 3051.60ms (=1/0)
19.9221 	EXP 	InstrText: autoDraw = True
22.4288 	EXP 	Imported Prac_Order.xlsx as conditions, 4 conditions, 2 params
22.4291 	EXP 	Created sequence: random, trialTypes=4, nReps=1, seed=None
22.4294 	EXP 	New trial (rep=0, index=0): OrderedDict([('UImage', 'materials/Asian/Male/L_A_M_02_270.png'), ('LImage', 'materials/Asian/Male/S_A_M_02_250.png')])
22.4927 	DATA 	Keypress: space
22.5036 	WARNING 	t of last frame was 83.70ms (=1/11)
22.5036 	EXP 	InstrText: autoDraw = False
22.5036 	EXP 	Upper_image: size = array([0.17361111, 0.17361111])
22.5036 	EXP 	Upper_image: image = 'materials/Asian/Male/L_A_M_02_270.png'
22.5036 	EXP 	Lower_image: size = array([0.17361111, 0.17361111])
22.5036 	EXP 	Lower_image: image = 'materials/Asian/Male/S_A_M_02_250.png'
22.5036 	EXP 	Fixation0: autoDraw = True
22.9872 	EXP 	Upper_image: autoDraw = True
22.9872 	EXP 	Lower_image: autoDraw = True
23.0040 	EXP 	Fixation0: autoDraw = False
24.1547 	DATA 	Mouse: Left button down, pos=(1264,488)
24.1705 	EXP 	Fixation0: autoDraw = False
24.1705 	EXP 	Upper_image: autoDraw = False
24.1705 	EXP 	Lower_image: autoDraw = False
24.1705 	EXP 	BlankTest: autoDraw = True
24.2884 	DATA 	Mouse:  Left button up, pos=(1264,488)
24.6553 	EXP 	New trial (rep=0, index=1): OrderedDict([('UImage', 'materials/Caucasian/Male/S_C_M_07_250.png'), ('LImage', 'materials/Caucasian/Male/S_C_M_07_250.png')])
24.6711 	EXP 	BlankTest: autoDraw = False
24.6711 	EXP 	BlankTest: autoDraw = False
24.6711 	EXP 	Upper_image: size = array([0.17361111, 0.17361111])
24.6711 	EXP 	Upper_image: image = 'materials/Caucasian/Male/S_C_M_07_250.png'
24.6711 	EXP 	Lower_image: size = array([0.17361111, 0.17361111])
24.6711 	EXP 	Lower_image: image = 'materials/Caucasian/Male/S_C_M_07_250.png'
24.6711 	EXP 	Fixation0: autoDraw = True
25.1705 	EXP 	Fixation0: autoDraw = False
25.1705 	EXP 	Upper_image: autoDraw = True
25.1705 	EXP 	Lower_image: autoDraw = True
28.1708 	EXP 	Upper_image: autoDraw = False
28.1708 	EXP 	Lower_image: autoDraw = False
28.1873 	EXP 	Fixation0: autoDraw = False
28.1873 	EXP 	Upper_image: autoDraw = False
28.1873 	EXP 	Lower_image: autoDraw = False
28.1873 	EXP 	BlankTest: autoDraw = True
28.6718 	EXP 	New trial (rep=0, index=2): OrderedDict([('UImage', 'materials/Caucasian/Female/S_C_F_05_250.png'), ('LImage', 'materials/Caucasian/Female/L_C_F_05_270.png')])
28.6865 	EXP 	BlankTest: autoDraw = False
28.6865 	EXP 	BlankTest: autoDraw = False
28.6865 	EXP 	Upper_image: size = array([0.17361111, 0.17361111])
28.6865 	EXP 	Upper_image: image = 'materials/Caucasian/Female/S_C_F_05_250.png'
28.6865 	EXP 	Lower_image: size = array([0.17361111, 0.17361111])
28.6865 	EXP 	Lower_image: image = 'materials/Caucasian/Female/L_C_F_05_270.png'
28.6865 	EXP 	Fixation0: autoDraw = True
29.1877 	EXP 	Fixation0: autoDraw = False
29.1877 	EXP 	Upper_image: autoDraw = True
29.1877 	EXP 	Lower_image: autoDraw = True
30.9219 	DATA 	Mouse: Left button down, pos=(1275,957)
30.9375 	EXP 	Fixation0: autoDraw = False
30.9375 	EXP 	Upper_image: autoDraw = False
30.9375 	EXP 	Lower_image: autoDraw = False
30.9375 	EXP 	BlankTest: autoDraw = True
31.0558 	DATA 	Mouse:  Left button up, pos=(1275,957)
31.4224 	EXP 	New trial (rep=0, index=3): OrderedDict([('UImage', 'materials/Asian/Female/S_A_F_01_250.png'), ('LImage', 'materials/Asian/Female/S_A_F_01_250.png')])
31.4385 	EXP 	BlankTest: autoDraw = False
31.4385 	EXP 	BlankTest: autoDraw = False
31.4385 	EXP 	Upper_image: size = array([0.17361111, 0.17361111])
31.4385 	EXP 	Upper_image: image = 'materials/Asian/Female/S_A_F_01_250.png'
31.4385 	EXP 	Lower_image: size = array([0.17361111, 0.17361111])
31.4385 	EXP 	Lower_image: image = 'materials/Asian/Female/S_A_F_01_250.png'
31.4385 	EXP 	Fixation0: autoDraw = True
31.9379 	EXP 	Fixation0: autoDraw = False
31.9379 	EXP 	Upper_image: autoDraw = True
31.9379 	EXP 	Lower_image: autoDraw = True
33.2722 	DATA 	Mouse: Left button down, pos=(1270,480)
33.2878 	EXP 	Fixation0: autoDraw = False
33.2878 	EXP 	Upper_image: autoDraw = False
33.2878 	EXP 	Lower_image: autoDraw = False
33.2878 	EXP 	BlankTest: autoDraw = True
33.4229 	DATA 	Mouse:  Left button up, pos=(1270,480)
33.7879 	EXP 	BlankTest: autoDraw = False
33.7879 	EXP 	BlankTest: autoDraw = False
33.7879 	EXP 	BreakText: autoDraw = True
35.1760 	EXP 	Imported BlockOrder.xlsx as conditions, 4 conditions, 4 params
35.1762 	EXP 	Created sequence: random, trialTypes=4, nReps=1, seed=None
35.1766 	EXP 	New trial (rep=0, index=0): OrderedDict([('AF_rep', 0), ('AM_rep', 0), ('CF_rep', 0), ('CM_rep', 1)])
35.1818 	EXP 	Imported conditionList/AF_list2.xlsx as conditions, 14 conditions, 3 params
35.1821 	EXP 	Created sequence: random, trialTypes=14, nReps=0, seed=None
35.1870 	EXP 	Imported conditionList/AM_list3.xlsx as conditions, 14 conditions, 3 params
35.1872 	EXP 	Created sequence: random, trialTypes=14, nReps=0, seed=None
35.1921 	EXP 	Imported conditionList/CF_list2.xlsx as conditions, 14 conditions, 3 params
35.1923 	EXP 	Created sequence: random, trialTypes=14, nReps=0, seed=None
35.1973 	EXP 	Imported conditionList/CM_list5.xlsx as conditions, 14 conditions, 3 params
35.1975 	EXP 	Created sequence: random, trialTypes=14, nReps=1, seed=None
35.1978 	EXP 	New trial (rep=0, index=0): OrderedDict([('Upper_Image', 'materials/Caucasian/Male/S_C_M_03_250.png'), ('Lower_Image', 'materials/Caucasian/Male/S_C_M_03_250.png'), ('TrailType', 'S')])
35.2126 	DATA 	Keypress: space
35.2198 	WARNING 	t of last frame was 49.17ms (=1/20)
35.2198 	EXP 	BreakText: autoDraw = False
35.2198 	EXP 	CM_image_1: size = array([0.17361111, 0.17361111])
35.2198 	EXP 	CM_image_1: image = 'materials/Caucasian/Male/S_C_M_03_250.png'
35.2198 	EXP 	CM_image_2: size = array([0.17361111, 0.17361111])
35.2198 	EXP 	CM_image_2: image = 'materials/Caucasian/Male/S_C_M_03_250.png'
35.2198 	EXP 	Fixation4: autoDraw = True
35.7048 	EXP 	CM_image_1: autoDraw = True
35.7048 	EXP 	CM_image_2: autoDraw = True
35.7213 	EXP 	Fixation4: autoDraw = False
36.5559 	DATA 	Mouse: Left button down, pos=(1279,453)
36.5713 	EXP 	Fixation4: autoDraw = False
36.5713 	EXP 	CM_image_1: autoDraw = False
36.5713 	EXP 	CM_image_2: autoDraw = False
36.5713 	EXP 	BlankTest: autoDraw = True
36.6394 	DATA 	Mouse:  Left button up, pos=(1279,453)
37.0559 	EXP 	New trial (rep=0, index=1): OrderedDict([('Upper_Image', 'materials/Caucasian/Male/S_C_M_04_250.png'), ('Lower_Image', 'materials/Caucasian/Male/S_C_M_04_250.png'), ('TrailType', 'S')])
37.0723 	EXP 	BlankTest: autoDraw = False
37.0723 	EXP 	BlankTest: autoDraw = False
37.0723 	EXP 	CM_image_1: size = array([0.17361111, 0.17361111])
37.0723 	EXP 	CM_image_1: image = 'materials/Caucasian/Male/S_C_M_04_250.png'
37.0723 	EXP 	CM_image_2: size = array([0.17361111, 0.17361111])
37.0723 	EXP 	CM_image_2: image = 'materials/Caucasian/Male/S_C_M_04_250.png'
37.0723 	EXP 	Fixation4: autoDraw = True
37.5713 	EXP 	CM_image_1: autoDraw = True
37.5713 	EXP 	CM_image_2: autoDraw = True
37.5881 	EXP 	Fixation4: autoDraw = False
38.1560 	DATA 	Mouse: Left button down, pos=(1287,863)
38.1713 	EXP 	Fixation4: autoDraw = False
38.1713 	EXP 	CM_image_1: autoDraw = False
38.1713 	EXP 	CM_image_2: autoDraw = False
38.1713 	EXP 	BlankTest: autoDraw = True
38.2568 	DATA 	Mouse:  Left button up, pos=(1287,863)
38.6559 	EXP 	New trial (rep=0, index=2): OrderedDict([('Upper_Image', 'materials/Caucasian/Male/S_C_M_06_250.png'), ('Lower_Image', 'materials/Caucasian/Male/S_C_M_06_250.png'), ('TrailType', 'S')])
38.6724 	EXP 	BlankTest: autoDraw = False
38.6724 	EXP 	BlankTest: autoDraw = False
38.6724 	EXP 	CM_image_1: size = array([0.17361111, 0.17361111])
38.6724 	EXP 	CM_image_1: image = 'materials/Caucasian/Male/S_C_M_06_250.png'
38.6724 	EXP 	CM_image_2: size = array([0.17361111, 0.17361111])
38.6724 	EXP 	CM_image_2: image = 'materials/Caucasian/Male/S_C_M_06_250.png'
38.6724 	EXP 	Fixation4: autoDraw = True
39.1714 	EXP 	Fixation4: autoDraw = False
39.1714 	EXP 	CM_image_1: autoDraw = True
39.1714 	EXP 	CM_image_2: autoDraw = True
39.6555 	DATA 	Mouse: Left button down, pos=(1279,541)
39.6713 	EXP 	Fixation4: autoDraw = False
39.6713 	EXP 	CM_image_1: autoDraw = False
39.6713 	EXP 	CM_image_2: autoDraw = False
39.6713 	EXP 	BlankTest: autoDraw = True
39.7395 	DATA 	Mouse:  Left button up, pos=(1279,541)
40.1560 	EXP 	New trial (rep=0, index=3): OrderedDict([('Upper_Image', 'materials/Caucasian/Male/L_C_M_10_270.png'), ('Lower_Image', 'materials/Caucasian/Male/S_C_M_10_250.png'), ('TrailType', 'DLU')])
40.1705 	EXP 	BlankTest: autoDraw = False
40.1705 	EXP 	BlankTest: autoDraw = False
40.1705 	EXP 	CM_image_1: size = array([0.17361111, 0.17361111])
40.1705 	EXP 	CM_image_1: image = 'materials/Caucasian/Male/L_C_M_10_270.png'
40.1705 	EXP 	CM_image_2: size = array([0.17361111, 0.17361111])
40.1705 	EXP 	CM_image_2: image = 'materials/Caucasian/Male/S_C_M_10_250.png'
40.1705 	EXP 	Fixation4: autoDraw = True
40.6718 	EXP 	Fixation4: autoDraw = False
40.6718 	EXP 	CM_image_1: autoDraw = True
40.6718 	EXP 	CM_image_2: autoDraw = True
41.2056 	DATA 	Mouse: Left button down, pos=(1288,888)
41.2214 	EXP 	Fixation4: autoDraw = False
41.2214 	EXP 	CM_image_1: autoDraw = False
41.2214 	EXP 	CM_image_2: autoDraw = False
41.2214 	EXP 	BlankTest: autoDraw = True
41.2733 	DATA 	Mouse:  Left button up, pos=(1288,888)
41.7060 	EXP 	New trial (rep=0, index=4): OrderedDict([('Upper_Image', 'materials/Caucasian/Male/S_C_M_05_250.png'), ('Lower_Image', 'materials/Caucasian/Male/S_C_M_05_250.png'), ('TrailType', 'S')])
41.7225 	EXP 	BlankTest: autoDraw = False
41.7225 	EXP 	BlankTest: autoDraw = False
41.7225 	EXP 	CM_image_1: size = array([0.17361111, 0.17361111])
41.7225 	EXP 	CM_image_1: image = 'materials/Caucasian/Male/S_C_M_05_250.png'
41.7225 	EXP 	CM_image_2: size = array([0.17361111, 0.17361111])
41.7225 	EXP 	CM_image_2: image = 'materials/Caucasian/Male/S_C_M_05_250.png'
41.7225 	EXP 	Fixation4: autoDraw = True
42.2214 	EXP 	CM_image_1: autoDraw = True
42.2214 	EXP 	CM_image_2: autoDraw = True
42.2382 	EXP 	Fixation4: autoDraw = False
42.7894 	DATA 	Mouse: Left button down, pos=(1276,525)
42.8051 	EXP 	Fixation4: autoDraw = False
42.8051 	EXP 	CM_image_1: autoDraw = False
42.8051 	EXP 	CM_image_2: autoDraw = False
42.8051 	EXP 	BlankTest: autoDraw = True
42.8731 	DATA 	Mouse:  Left button up, pos=(1276,525)
43.2893 	EXP 	New trial (rep=0, index=5): OrderedDict([('Upper_Image', 'materials/Caucasian/Male/L_C_M_04_270.png'), ('Lower_Image', 'materials/Caucasian/Male/S_C_M_04_250.png'), ('TrailType', 'DLU')])
43.3060 	EXP 	BlankTest: autoDraw = False
43.3060 	EXP 	BlankTest: autoDraw = False
43.3060 	EXP 	CM_image_1: size = array([0.17361111, 0.17361111])
43.3060 	EXP 	CM_image_1: image = 'materials/Caucasian/Male/L_C_M_04_270.png'
43.3060 	EXP 	CM_image_2: size = array([0.17361111, 0.17361111])
43.3060 	EXP 	CM_image_2: image = 'materials/Caucasian/Male/S_C_M_04_250.png'
43.3060 	EXP 	Fixation4: autoDraw = True
43.8051 	EXP 	Fixation4: autoDraw = False
43.8051 	EXP 	CM_image_1: autoDraw = True
43.8051 	EXP 	CM_image_2: autoDraw = True
44.3730 	DATA 	Mouse: Left button down, pos=(1282,562)
44.3882 	EXP 	Fixation4: autoDraw = False
44.3882 	EXP 	CM_image_1: autoDraw = False
44.3882 	EXP 	CM_image_2: autoDraw = False
44.3882 	EXP 	BlankTest: autoDraw = True
44.4566 	DATA 	Mouse:  Left button up, pos=(1282,562)
44.8728 	EXP 	New trial (rep=0, index=6): OrderedDict([('Upper_Image', 'materials/Caucasian/Male/S_C_M_06_250.png'), ('Lower_Image', 'materials/Caucasian/Male/L_C_M_06_270.png'), ('TrailType', 'DLD')])
44.8891 	EXP 	BlankTest: autoDraw = False
44.8891 	EXP 	BlankTest: autoDraw = False
44.8891 	EXP 	CM_image_1: size = array([0.17361111, 0.17361111])
44.8891 	EXP 	CM_image_1: image = 'materials/Caucasian/Male/S_C_M_06_250.png'
44.8891 	EXP 	CM_image_2: size = array([0.17361111, 0.17361111])
44.8891 	EXP 	CM_image_2: image = 'materials/Caucasian/Male/L_C_M_06_270.png'
44.8891 	EXP 	Fixation4: autoDraw = True
45.3886 	EXP 	Fixation4: autoDraw = False
45.3886 	EXP 	CM_image_1: autoDraw = True
45.3886 	EXP 	CM_image_2: autoDraw = True
45.7563 	DATA 	Mouse: Left button down, pos=(1281,699)
45.7569 	DATA 	Mouse:  Left button up, pos=(1281,699)
46.0070 	DATA 	Mouse: Left button down, pos=(1281,699)
46.1056 	DATA 	Mouse:  Left button up, pos=(1281,699)
46.1892 	DATA 	Mouse: Left button down, pos=(1281,699)
46.2736 	DATA 	Mouse:  Left button up, pos=(1281,699)
46.3560 	DATA 	Mouse: Left button down, pos=(1281,699)
46.4562 	DATA 	Mouse:  Left button up, pos=(1281,699)
46.5226 	DATA 	Mouse: Left button down, pos=(1281,699)
46.6061 	DATA 	Mouse:  Left button up, pos=(1281,699)
47.1891 	DATA 	Mouse: Left button down, pos=(1296,926)
47.2046 	EXP 	Fixation4: autoDraw = False
47.2046 	EXP 	CM_image_1: autoDraw = False
47.2046 	EXP 	CM_image_2: autoDraw = False
47.2046 	EXP 	BlankTest: autoDraw = True
47.2906 	DATA 	Mouse:  Left button up, pos=(1296,926)
47.6895 	EXP 	New trial (rep=0, index=7): OrderedDict([('Upper_Image', 'materials/Caucasian/Male/S_C_M_02_250.png'), ('Lower_Image', 'materials/Caucasian/Male/S_C_M_02_250.png'), ('TrailType', 'S')])
47.7059 	EXP 	BlankTest: autoDraw = False
47.7059 	EXP 	BlankTest: autoDraw = False
47.7059 	EXP 	CM_image_1: size = array([0.17361111, 0.17361111])
47.7059 	EXP 	CM_image_1: image = 'materials/Caucasian/Male/S_C_M_02_250.png'
47.7059 	EXP 	CM_image_2: size = array([0.17361111, 0.17361111])
47.7059 	EXP 	CM_image_2: image = 'materials/Caucasian/Male/S_C_M_02_250.png'
47.7059 	EXP 	Fixation4: autoDraw = True
48.2053 	EXP 	Fixation4: autoDraw = False
48.2053 	EXP 	CM_image_1: autoDraw = True
48.2053 	EXP 	CM_image_2: autoDraw = True
48.8898 	DATA 	Mouse: Left button down, pos=(1275,529)
48.9057 	EXP 	Fixation4: autoDraw = False
48.9057 	EXP 	CM_image_1: autoDraw = False
48.9057 	EXP 	CM_image_2: autoDraw = False
48.9057 	EXP 	BlankTest: autoDraw = True
48.9896 	DATA 	Mouse:  Left button up, pos=(1275,529)
49.3920 	EXP 	New trial (rep=0, index=8): OrderedDict([('Upper_Image', 'materials/Caucasian/Male/S_C_M_10_250.png'), ('Lower_Image', 'materials/Caucasian/Male/S_C_M_10_250.png'), ('TrailType', 'S')])
49.4242 	WARNING 	t of last frame was 33.17ms (=1/30)
49.4242 	EXP 	BlankTest: autoDraw = False
49.4242 	EXP 	BlankTest: autoDraw = False
49.4242 	EXP 	CM_image_1: size = array([0.17361111, 0.17361111])
49.4242 	EXP 	CM_image_1: image = 'materials/Caucasian/Male/S_C_M_10_250.png'
49.4242 	EXP 	CM_image_2: size = array([0.17361111, 0.17361111])
49.4242 	EXP 	CM_image_2: image = 'materials/Caucasian/Male/S_C_M_10_250.png'
49.4242 	EXP 	Fixation4: autoDraw = True
49.9060 	EXP 	CM_image_1: autoDraw = True
49.9060 	EXP 	CM_image_2: autoDraw = True
49.9392 	EXP 	Fixation4: autoDraw = False
50.4900 	DATA 	Mouse: Left button down, pos=(1280,569)
50.5057 	EXP 	Fixation4: autoDraw = False
50.5057 	EXP 	CM_image_1: autoDraw = False
50.5057 	EXP 	CM_image_2: autoDraw = False
50.5057 	EXP 	BlankTest: autoDraw = True
50.5734 	DATA 	Mouse:  Left button up, pos=(1280,569)
50.9899 	EXP 	New trial (rep=0, index=9): OrderedDict([('Upper_Image', 'materials/Caucasian/Male/S_C_M_09_250.png'), ('Lower_Image', 'materials/Caucasian/Male/S_C_M_09_250.png'), ('TrailType', 'S')])
51.0065 	EXP 	BlankTest: autoDraw = False
51.0065 	EXP 	BlankTest: autoDraw = False
51.0065 	EXP 	CM_image_1: size = array([0.17361111, 0.17361111])
51.0065 	EXP 	CM_image_1: image = 'materials/Caucasian/Male/S_C_M_09_250.png'
51.0065 	EXP 	CM_image_2: size = array([0.17361111, 0.17361111])
51.0065 	EXP 	CM_image_2: image = 'materials/Caucasian/Male/S_C_M_09_250.png'
51.0065 	EXP 	Fixation4: autoDraw = True
51.5055 	EXP 	Fixation4: autoDraw = False
51.5055 	EXP 	CM_image_1: autoDraw = True
51.5055 	EXP 	CM_image_2: autoDraw = True
52.0063 	DATA 	Mouse: Left button down, pos=(1423,708)
52.0897 	DATA 	Mouse:  Left button up, pos=(1423,708)
52.1745 	DATA 	Mouse: Left button down, pos=(1423,708)
52.2556 	DATA 	Mouse:  Left button up, pos=(1423,708)
52.9237 	DATA 	Mouse: Left button down, pos=(1298,938)
52.9390 	EXP 	Fixation4: autoDraw = False
52.9390 	EXP 	CM_image_1: autoDraw = False
52.9390 	EXP 	CM_image_2: autoDraw = False
52.9390 	EXP 	BlankTest: autoDraw = True
52.9904 	DATA 	Mouse:  Left button up, pos=(1298,938)
53.4233 	EXP 	New trial (rep=0, index=10): OrderedDict([('Upper_Image', 'materials/Caucasian/Male/S_C_M_07_250.png'), ('Lower_Image', 'materials/Caucasian/Male/S_C_M_07_250.png'), ('TrailType', 'S')])
53.4398 	EXP 	BlankTest: autoDraw = False
53.4398 	EXP 	BlankTest: autoDraw = False
53.4398 	EXP 	CM_image_1: size = array([0.17361111, 0.17361111])
53.4398 	EXP 	CM_image_1: image = 'materials/Caucasian/Male/S_C_M_07_250.png'
53.4398 	EXP 	CM_image_2: size = array([0.17361111, 0.17361111])
53.4398 	EXP 	CM_image_2: image = 'materials/Caucasian/Male/S_C_M_07_250.png'
53.4398 	EXP 	Fixation4: autoDraw = True
53.9390 	EXP 	Fixation4: autoDraw = False
53.9390 	EXP 	CM_image_1: autoDraw = True
53.9390 	EXP 	CM_image_2: autoDraw = True
54.4564 	DATA 	Mouse: Left button down, pos=(1179,639)
54.5399 	DATA 	Mouse:  Left button up, pos=(1179,639)
54.6234 	DATA 	Mouse: Left button down, pos=(1179,639)
54.7398 	DATA 	Mouse:  Left button up, pos=(1179,639)
55.4396 	DATA 	Mouse: Left button down, pos=(1245,914)
55.4554 	EXP 	Fixation4: autoDraw = False
55.4554 	EXP 	CM_image_1: autoDraw = False
55.4554 	EXP 	CM_image_2: autoDraw = False
55.4554 	EXP 	BlankTest: autoDraw = True
55.5265 	DATA 	Mouse:  Left button up, pos=(1245,914)
55.9400 	EXP 	New trial (rep=0, index=11): OrderedDict([('Upper_Image', 'materials/Caucasian/Male/S_C_M_01_250.png'), ('Lower_Image', 'materials/Caucasian/Male/S_C_M_01_250.png'), ('TrailType', 'S')])
55.9565 	EXP 	BlankTest: autoDraw = False
55.9565 	EXP 	BlankTest: autoDraw = False
55.9565 	EXP 	CM_image_1: size = array([0.17361111, 0.17361111])
55.9565 	EXP 	CM_image_1: image = 'materials/Caucasian/Male/S_C_M_01_250.png'
55.9565 	EXP 	CM_image_2: size = array([0.17361111, 0.17361111])
55.9565 	EXP 	CM_image_2: image = 'materials/Caucasian/Male/S_C_M_01_250.png'
55.9565 	EXP 	Fixation4: autoDraw = True
56.4559 	EXP 	Fixation4: autoDraw = False
56.4559 	EXP 	CM_image_1: autoDraw = True
56.4559 	EXP 	CM_image_2: autoDraw = True
57.0570 	DATA 	Mouse: Left button down, pos=(1269,516)
57.0725 	EXP 	Fixation4: autoDraw = False
57.0725 	EXP 	CM_image_1: autoDraw = False
57.0725 	EXP 	CM_image_2: autoDraw = False
57.0725 	EXP 	BlankTest: autoDraw = True
57.1407 	DATA 	Mouse:  Left button up, pos=(1269,516)
57.2238 	DATA 	Mouse: Left button down, pos=(1269,516)
57.3243 	DATA 	Mouse:  Left button up, pos=(1269,516)
57.5573 	EXP 	New trial (rep=0, index=12): OrderedDict([('Upper_Image', 'materials/Caucasian/Male/S_C_M_08_250.png'), ('Lower_Image', 'materials/Caucasian/Male/S_C_M_08_250.png'), ('TrailType', 'S')])
57.5736 	EXP 	BlankTest: autoDraw = False
57.5736 	EXP 	BlankTest: autoDraw = False
57.5736 	EXP 	CM_image_1: size = array([0.17361111, 0.17361111])
57.5736 	EXP 	CM_image_1: image = 'materials/Caucasian/Male/S_C_M_08_250.png'
57.5736 	EXP 	CM_image_2: size = array([0.17361111, 0.17361111])
57.5736 	EXP 	CM_image_2: image = 'materials/Caucasian/Male/S_C_M_08_250.png'
57.5736 	EXP 	Fixation4: autoDraw = True
58.0725 	EXP 	Fixation4: autoDraw = False
58.0725 	EXP 	CM_image_1: autoDraw = True
58.0725 	EXP 	CM_image_2: autoDraw = True
58.8903 	DATA 	Mouse: Left button down, pos=(1271,526)
58.9060 	EXP 	Fixation4: autoDraw = False
58.9060 	EXP 	CM_image_1: autoDraw = False
58.9060 	EXP 	CM_image_2: autoDraw = False
58.9060 	EXP 	BlankTest: autoDraw = True
58.9741 	DATA 	Mouse:  Left button up, pos=(1271,526)
59.3899 	EXP 	New trial (rep=0, index=13): OrderedDict([('Upper_Image', 'materials/Caucasian/Male/S_C_M_08_250.png'), ('Lower_Image', 'materials/Caucasian/Male/L_C_M_08_270.png'), ('TrailType', 'DLD')])
59.4065 	EXP 	BlankTest: autoDraw = False
59.4065 	EXP 	BlankTest: autoDraw = False
59.4065 	EXP 	CM_image_1: size = array([0.17361111, 0.17361111])
59.4065 	EXP 	CM_image_1: image = 'materials/Caucasian/Male/S_C_M_08_250.png'
59.4065 	EXP 	CM_image_2: size = array([0.17361111, 0.17361111])
59.4065 	EXP 	CM_image_2: image = 'materials/Caucasian/Male/L_C_M_08_270.png'
59.4065 	EXP 	Fixation4: autoDraw = True
59.9060 	EXP 	Fixation4: autoDraw = False
59.9060 	EXP 	CM_image_1: autoDraw = True
59.9060 	EXP 	CM_image_2: autoDraw = True
61.0740 	DATA 	Mouse: Left button down, pos=(1297,883)
61.0891 	EXP 	Fixation4: autoDraw = False
61.0891 	EXP 	CM_image_1: autoDraw = False
61.0891 	EXP 	CM_image_2: autoDraw = False
61.0891 	EXP 	BlankTest: autoDraw = True
61.3075 	DATA 	Mouse:  Left button up, pos=(1297,883)
61.5736 	EXP 	New trial (rep=0, index=1): OrderedDict([('AF_rep', 0), ('AM_rep', 1), ('CF_rep', 0), ('CM_rep', 0)])
61.5801 	EXP 	Imported conditionList/AF_list2.xlsx as conditions, 14 conditions, 3 params
61.5804 	EXP 	Created sequence: random, trialTypes=14, nReps=0, seed=None
61.5855 	EXP 	Imported conditionList/AM_list3.xlsx as conditions, 14 conditions, 3 params
61.5858 	EXP 	Created sequence: random, trialTypes=14, nReps=1, seed=None
61.5860 	EXP 	New trial (rep=0, index=0): OrderedDict([('Upper_Image', 'materials/Asian/Male/S_A_M_04_250.png'), ('Lower_Image', 'materials/Asian/Male/L_A_M_04_270.png'), ('TrialType', 'DLD')])
61.6059 	WARNING 	Multiple dropped frames have occurred - I'll stop bothering you about them!
61.6059 	EXP 	BlankTest: autoDraw = False
61.6059 	EXP 	BlankTest: autoDraw = False
61.6059 	EXP 	AM_image_1: size = array([0.17361111, 0.17361111])
61.6059 	EXP 	AM_image_1: image = 'materials/Asian/Male/S_A_M_04_250.png'
61.6059 	EXP 	AM_imgae_2: size = array([0.17361111, 0.17361111])
61.6059 	EXP 	AM_imgae_2: image = 'materials/Asian/Male/L_A_M_04_270.png'
61.6059 	EXP 	Fixation2: autoDraw = True
62.0894 	EXP 	AM_image_1: autoDraw = True
62.0894 	EXP 	AM_imgae_2: autoDraw = True
62.1060 	EXP 	Fixation2: autoDraw = False
62.6410 	DATA 	Mouse: Left button down, pos=(1292,440)
62.7411 	DATA 	Mouse:  Left button up, pos=(1292,440)
64.6417 	DATA 	Mouse: Left button down, pos=(1315,908)
64.7576 	DATA 	Mouse:  Left button up, pos=(1315,908)
64.8574 	DATA 	Mouse: Left button down, pos=(1315,908)
64.9413 	DATA 	Mouse:  Left button up, pos=(1315,908)
65.0897 	EXP 	AM_image_1: autoDraw = False
65.0897 	EXP 	AM_imgae_2: autoDraw = False
65.0897 	EXP 	Fixation2: autoDraw = False
65.0897 	EXP 	AM_image_1: autoDraw = False
65.0897 	EXP 	AM_imgae_2: autoDraw = False
65.0897 	EXP 	BlankTest: autoDraw = True
65.5736 	EXP 	New trial (rep=0, index=1): OrderedDict([('Upper_Image', 'materials/Asian/Male/L_A_M_05_270.png'), ('Lower_Image', 'materials/Asian/Male/S_A_M_05_250.png'), ('TrialType', 'DLU')])
65.5899 	EXP 	BlankTest: autoDraw = False
65.5899 	EXP 	BlankTest: autoDraw = False
65.5899 	EXP 	AM_image_1: size = array([0.17361111, 0.17361111])
65.5899 	EXP 	AM_image_1: image = 'materials/Asian/Male/L_A_M_05_270.png'
65.5899 	EXP 	AM_imgae_2: size = array([0.17361111, 0.17361111])
65.5899 	EXP 	AM_imgae_2: image = 'materials/Asian/Male/S_A_M_05_250.png'
65.5899 	EXP 	Fixation2: autoDraw = True
66.0898 	EXP 	Fixation2: autoDraw = False
66.0898 	EXP 	AM_image_1: autoDraw = True
66.0898 	EXP 	AM_imgae_2: autoDraw = True
66.9414 	DATA 	Mouse: Left button down, pos=(1269,882)
67.0078 	DATA 	Mouse:  Left button up, pos=(1269,882)
69.0896 	EXP 	AM_image_1: autoDraw = False
69.0896 	EXP 	AM_imgae_2: autoDraw = False
69.0896 	EXP 	Fixation2: autoDraw = False
69.0896 	EXP 	AM_image_1: autoDraw = False
69.0896 	EXP 	AM_imgae_2: autoDraw = False
69.0896 	EXP 	BlankTest: autoDraw = True
69.2244 	DATA 	Mouse: Left button down, pos=(1235,427)
69.3414 	DATA 	Mouse:  Left button up, pos=(1235,427)
69.5741 	EXP 	New trial (rep=0, index=2): OrderedDict([('Upper_Image', 'materials/Asian/Male/S_A_M_03_250.png'), ('Lower_Image', 'materials/Asian/Male/S_A_M_03_250.png'), ('TrialType', 'S')])
69.5906 	EXP 	BlankTest: autoDraw = False
69.5906 	EXP 	BlankTest: autoDraw = False
69.5906 	EXP 	AM_image_1: size = array([0.17361111, 0.17361111])
69.5906 	EXP 	AM_image_1: image = 'materials/Asian/Male/S_A_M_03_250.png'
69.5906 	EXP 	AM_imgae_2: size = array([0.17361111, 0.17361111])
69.5906 	EXP 	AM_imgae_2: image = 'materials/Asian/Male/S_A_M_03_250.png'
69.5906 	EXP 	Fixation2: autoDraw = True
70.0896 	EXP 	Fixation2: autoDraw = False
70.0896 	EXP 	AM_image_1: autoDraw = True
70.0896 	EXP 	AM_imgae_2: autoDraw = True
70.7913 	DATA 	Mouse: Left button down, pos=(1288,530)
70.8911 	DATA 	Mouse:  Left button up, pos=(1288,530)
73.0901 	EXP 	AM_image_1: autoDraw = False
73.0901 	EXP 	AM_imgae_2: autoDraw = False
73.0901 	EXP 	Fixation2: autoDraw = False
73.0901 	EXP 	AM_image_1: autoDraw = False
73.0901 	EXP 	AM_imgae_2: autoDraw = False
73.0901 	EXP 	BlankTest: autoDraw = True
73.5742 	EXP 	New trial (rep=0, index=3): OrderedDict([('Upper_Image', 'materials/Asian/Male/S_A_M_02_250.png'), ('Lower_Image', 'materials/Asian/Male/L_A_M_02_270.png'), ('TrialType', 'DLD')])
73.5907 	EXP 	BlankTest: autoDraw = False
73.5907 	EXP 	BlankTest: autoDraw = False
73.5907 	EXP 	AM_image_1: size = array([0.17361111, 0.17361111])
73.5907 	EXP 	AM_image_1: image = 'materials/Asian/Male/S_A_M_02_250.png'
73.5907 	EXP 	AM_imgae_2: size = array([0.17361111, 0.17361111])
73.5907 	EXP 	AM_imgae_2: image = 'materials/Asian/Male/L_A_M_02_270.png'
73.5907 	EXP 	Fixation2: autoDraw = True
74.0900 	EXP 	Fixation2: autoDraw = False
74.0900 	EXP 	AM_image_1: autoDraw = True
74.0900 	EXP 	AM_imgae_2: autoDraw = True
76.8086 	DATA 	Mouse: Left button down, pos=(1330,499)
76.9083 	DATA 	Mouse:  Left button up, pos=(1330,499)
77.0902 	EXP 	AM_image_1: autoDraw = False
77.0902 	EXP 	AM_imgae_2: autoDraw = False
77.0902 	EXP 	Fixation2: autoDraw = False
77.0902 	EXP 	AM_image_1: autoDraw = False
77.0902 	EXP 	AM_imgae_2: autoDraw = False
77.0902 	EXP 	BlankTest: autoDraw = True
77.5744 	EXP 	New trial (rep=0, index=4): OrderedDict([('Upper_Image', 'materials/Asian/Male/S_A_M_07_250.png'), ('Lower_Image', 'materials/Asian/Male/S_A_M_07_250.png'), ('TrialType', 'S')])
77.5910 	EXP 	BlankTest: autoDraw = False
77.5910 	EXP 	BlankTest: autoDraw = False
77.5910 	EXP 	AM_image_1: size = array([0.17361111, 0.17361111])
77.5910 	EXP 	AM_image_1: image = 'materials/Asian/Male/S_A_M_07_250.png'
77.5910 	EXP 	AM_imgae_2: size = array([0.17361111, 0.17361111])
77.5910 	EXP 	AM_imgae_2: image = 'materials/Asian/Male/S_A_M_07_250.png'
77.5910 	EXP 	Fixation2: autoDraw = True
78.0901 	EXP 	Fixation2: autoDraw = False
78.0901 	EXP 	AM_image_1: autoDraw = True
78.0901 	EXP 	AM_imgae_2: autoDraw = True
81.0902 	EXP 	AM_image_1: autoDraw = False
81.0902 	EXP 	AM_imgae_2: autoDraw = False
81.0902 	EXP 	Fixation2: autoDraw = False
81.0902 	EXP 	AM_image_1: autoDraw = False
81.0902 	EXP 	AM_imgae_2: autoDraw = False
81.0902 	EXP 	BlankTest: autoDraw = True
81.5745 	EXP 	New trial (rep=0, index=5): OrderedDict([('Upper_Image', 'materials/Asian/Male/S_A_M_10_250.png'), ('Lower_Image', 'materials/Asian/Male/S_A_M_10_250.png'), ('TrialType', 'S')])
81.5893 	EXP 	BlankTest: autoDraw = False
81.5893 	EXP 	BlankTest: autoDraw = False
81.5893 	EXP 	AM_image_1: size = array([0.17361111, 0.17361111])
81.5893 	EXP 	AM_image_1: image = 'materials/Asian/Male/S_A_M_10_250.png'
81.5893 	EXP 	AM_imgae_2: size = array([0.17361111, 0.17361111])
81.5893 	EXP 	AM_imgae_2: image = 'materials/Asian/Male/S_A_M_10_250.png'
81.5893 	EXP 	Fixation2: autoDraw = True
82.0736 	EXP 	AM_image_1: autoDraw = True
82.0736 	EXP 	AM_imgae_2: autoDraw = True
82.0902 	EXP 	Fixation2: autoDraw = False
82.8421 	DATA 	Mouse: Left button down, pos=(1271,904)
82.9417 	DATA 	Mouse:  Left button up, pos=(1271,904)
85.0737 	EXP 	AM_image_1: autoDraw = False
85.0737 	EXP 	AM_imgae_2: autoDraw = False
85.0737 	EXP 	Fixation2: autoDraw = False
85.0737 	EXP 	AM_image_1: autoDraw = False
85.0737 	EXP 	AM_imgae_2: autoDraw = False
85.0737 	EXP 	BlankTest: autoDraw = True
85.5581 	EXP 	New trial (rep=0, index=6): OrderedDict([('Upper_Image', 'materials/Asian/Male/S_A_M_02_250.png'), ('Lower_Image', 'materials/Asian/Male/S_A_M_02_250.png'), ('TrialType', 'S')])
85.5728 	EXP 	BlankTest: autoDraw = False
85.5728 	EXP 	BlankTest: autoDraw = False
85.5728 	EXP 	AM_image_1: size = array([0.17361111, 0.17361111])
85.5728 	EXP 	AM_image_1: image = 'materials/Asian/Male/S_A_M_02_250.png'
85.5728 	EXP 	AM_imgae_2: size = array([0.17361111, 0.17361111])
85.5728 	EXP 	AM_imgae_2: image = 'materials/Asian/Male/S_A_M_02_250.png'
85.5728 	EXP 	Fixation2: autoDraw = True
86.0743 	EXP 	Fixation2: autoDraw = False
86.0743 	EXP 	AM_image_1: autoDraw = True
86.0743 	EXP 	AM_imgae_2: autoDraw = True
87.0456 	DATA 	Mouse: Left button down, pos=(1307,546)
87.1757 	DATA 	Mouse:  Left button up, pos=(1307,546)
89.0742 	EXP 	AM_image_1: autoDraw = False
89.0742 	EXP 	AM_imgae_2: autoDraw = False
89.0742 	EXP 	Fixation2: autoDraw = False
89.0742 	EXP 	AM_image_1: autoDraw = False
89.0742 	EXP 	AM_imgae_2: autoDraw = False
89.0742 	EXP 	BlankTest: autoDraw = True
89.5587 	EXP 	New trial (rep=0, index=7): OrderedDict([('Upper_Image', 'materials/Asian/Male/S_A_M_05_250.png'), ('Lower_Image', 'materials/Asian/Male/S_A_M_05_250.png'), ('TrialType', 'S')])
89.5749 	EXP 	BlankTest: autoDraw = False
89.5749 	EXP 	BlankTest: autoDraw = False
89.5749 	EXP 	AM_image_1: size = array([0.17361111, 0.17361111])
89.5749 	EXP 	AM_image_1: image = 'materials/Asian/Male/S_A_M_05_250.png'
89.5749 	EXP 	AM_imgae_2: size = array([0.17361111, 0.17361111])
89.5749 	EXP 	AM_imgae_2: image = 'materials/Asian/Male/S_A_M_05_250.png'
89.5749 	EXP 	Fixation2: autoDraw = True
90.0741 	EXP 	Fixation2: autoDraw = False
90.0741 	EXP 	AM_image_1: autoDraw = True
90.0741 	EXP 	AM_imgae_2: autoDraw = True
90.7921 	DATA 	Mouse: Left button down, pos=(1297,525)
90.9094 	DATA 	Mouse:  Left button up, pos=(1297,525)
93.0742 	EXP 	AM_image_1: autoDraw = False
93.0742 	EXP 	AM_imgae_2: autoDraw = False
93.0742 	EXP 	Fixation2: autoDraw = False
93.0742 	EXP 	AM_image_1: autoDraw = False
93.0742 	EXP 	AM_imgae_2: autoDraw = False
93.0742 	EXP 	BlankTest: autoDraw = True
93.5584 	EXP 	New trial (rep=0, index=8): OrderedDict([('Upper_Image', 'materials/Asian/Male/S_A_M_09_250.png'), ('Lower_Image', 'materials/Asian/Male/S_A_M_09_250.png'), ('TrialType', 'S')])
93.5751 	EXP 	BlankTest: autoDraw = False
93.5751 	EXP 	BlankTest: autoDraw = False
93.5751 	EXP 	AM_image_1: size = array([0.17361111, 0.17361111])
93.5751 	EXP 	AM_image_1: image = 'materials/Asian/Male/S_A_M_09_250.png'
93.5751 	EXP 	AM_imgae_2: size = array([0.17361111, 0.17361111])
93.5751 	EXP 	AM_imgae_2: image = 'materials/Asian/Male/S_A_M_09_250.png'
93.5751 	EXP 	Fixation2: autoDraw = True
94.0743 	EXP 	Fixation2: autoDraw = False
94.0743 	EXP 	AM_image_1: autoDraw = True
94.0743 	EXP 	AM_imgae_2: autoDraw = True
94.8590 	DATA 	Mouse: Left button down, pos=(1268,517)
94.9759 	DATA 	Mouse:  Left button up, pos=(1268,517)
97.0744 	EXP 	AM_image_1: autoDraw = False
97.0744 	EXP 	AM_imgae_2: autoDraw = False
97.0744 	EXP 	Fixation2: autoDraw = False
97.0744 	EXP 	AM_image_1: autoDraw = False
97.0744 	EXP 	AM_imgae_2: autoDraw = False
97.0744 	EXP 	BlankTest: autoDraw = True
97.5589 	EXP 	New trial (rep=0, index=9): OrderedDict([('Upper_Image', 'materials/Asian/Male/S_A_M_04_250.png'), ('Lower_Image', 'materials/Asian/Male/S_A_M_04_250.png'), ('TrialType', 'S')])
97.5749 	EXP 	BlankTest: autoDraw = False
97.5749 	EXP 	BlankTest: autoDraw = False
97.5749 	EXP 	AM_image_1: size = array([0.17361111, 0.17361111])
97.5749 	EXP 	AM_image_1: image = 'materials/Asian/Male/S_A_M_04_250.png'
97.5749 	EXP 	AM_imgae_2: size = array([0.17361111, 0.17361111])
97.5749 	EXP 	AM_imgae_2: image = 'materials/Asian/Male/S_A_M_04_250.png'
97.5749 	EXP 	Fixation2: autoDraw = True
98.0744 	EXP 	Fixation2: autoDraw = False
98.0744 	EXP 	AM_image_1: autoDraw = True
98.0744 	EXP 	AM_imgae_2: autoDraw = True
98.8761 	DATA 	Mouse: Left button down, pos=(1265,503)
98.9759 	DATA 	Mouse:  Left button up, pos=(1265,503)
101.0745 	EXP 	AM_image_1: autoDraw = False
101.0745 	EXP 	AM_imgae_2: autoDraw = False
101.0745 	EXP 	Fixation2: autoDraw = False
101.0745 	EXP 	AM_image_1: autoDraw = False
101.0745 	EXP 	AM_imgae_2: autoDraw = False
101.0745 	EXP 	BlankTest: autoDraw = True
101.5589 	EXP 	New trial (rep=0, index=10): OrderedDict([('Upper_Image', 'materials/Asian/Male/S_A_M_08_250.png'), ('Lower_Image', 'materials/Asian/Male/S_A_M_08_250.png'), ('TrialType', 'S')])
101.5755 	EXP 	BlankTest: autoDraw = False
101.5755 	EXP 	BlankTest: autoDraw = False
101.5755 	EXP 	AM_image_1: size = array([0.17361111, 0.17361111])
101.5755 	EXP 	AM_image_1: image = 'materials/Asian/Male/S_A_M_08_250.png'
101.5755 	EXP 	AM_imgae_2: size = array([0.17361111, 0.17361111])
101.5755 	EXP 	AM_imgae_2: image = 'materials/Asian/Male/S_A_M_08_250.png'
101.5755 	EXP 	Fixation2: autoDraw = True
102.0745 	EXP 	AM_image_1: autoDraw = True
102.0745 	EXP 	AM_imgae_2: autoDraw = True
102.0913 	EXP 	Fixation2: autoDraw = False
102.8260 	DATA 	Mouse: Left button down, pos=(1300,525)
102.9426 	DATA 	Mouse:  Left button up, pos=(1300,525)
103.6093 	DATA 	Mouse: Left button down, pos=(1297,955)
103.7092 	DATA 	Mouse:  Left button up, pos=(1297,955)
105.0750 	EXP 	AM_image_1: autoDraw = False
105.0750 	EXP 	AM_imgae_2: autoDraw = False
105.0750 	EXP 	Fixation2: autoDraw = False
105.0750 	EXP 	AM_image_1: autoDraw = False
105.0750 	EXP 	AM_imgae_2: autoDraw = False
105.0750 	EXP 	BlankTest: autoDraw = True
105.5591 	EXP 	New trial (rep=0, index=11): OrderedDict([('Upper_Image', 'materials/Asian/Male/S_A_M_01_250.png'), ('Lower_Image', 'materials/Asian/Male/S_A_M_01_250.png'), ('TrialType', 'S')])
105.5756 	EXP 	BlankTest: autoDraw = False
105.5756 	EXP 	BlankTest: autoDraw = False
105.5756 	EXP 	AM_image_1: size = array([0.17361111, 0.17361111])
105.5756 	EXP 	AM_image_1: image = 'materials/Asian/Male/S_A_M_01_250.png'
105.5756 	EXP 	AM_imgae_2: size = array([0.17361111, 0.17361111])
105.5756 	EXP 	AM_imgae_2: image = 'materials/Asian/Male/S_A_M_01_250.png'
105.5756 	EXP 	Fixation2: autoDraw = True
106.0747 	EXP 	Fixation2: autoDraw = False
106.0747 	EXP 	AM_image_1: autoDraw = True
106.0747 	EXP 	AM_imgae_2: autoDraw = True
106.6433 	DATA 	Mouse: Left button down, pos=(1251,556)
106.7431 	DATA 	Mouse:  Left button up, pos=(1251,556)
109.0751 	EXP 	AM_image_1: autoDraw = False
109.0751 	EXP 	AM_imgae_2: autoDraw = False
109.0751 	EXP 	Fixation2: autoDraw = False
109.0751 	EXP 	AM_image_1: autoDraw = False
109.0751 	EXP 	AM_imgae_2: autoDraw = False
109.0751 	EXP 	BlankTest: autoDraw = True
109.5593 	EXP 	New trial (rep=0, index=12): OrderedDict([('Upper_Image', 'materials/Asian/Male/L_A_M_01_270.png'), ('Lower_Image', 'materials/Asian/Male/S_A_M_01_250.png'), ('TrialType', 'DLU')])
109.5758 	EXP 	BlankTest: autoDraw = False
109.5758 	EXP 	BlankTest: autoDraw = False
109.5758 	EXP 	AM_image_1: size = array([0.17361111, 0.17361111])
109.5758 	EXP 	AM_image_1: image = 'materials/Asian/Male/L_A_M_01_270.png'
109.5758 	EXP 	AM_imgae_2: size = array([0.17361111, 0.17361111])
109.5758 	EXP 	AM_imgae_2: image = 'materials/Asian/Male/S_A_M_01_250.png'
109.5758 	EXP 	Fixation2: autoDraw = True
110.0748 	EXP 	Fixation2: autoDraw = False
110.0748 	EXP 	AM_image_1: autoDraw = True
110.0748 	EXP 	AM_imgae_2: autoDraw = True
111.5769 	DATA 	Mouse: Left button down, pos=(1289,934)
111.6769 	DATA 	Mouse:  Left button up, pos=(1289,934)
113.0751 	EXP 	AM_image_1: autoDraw = False
113.0751 	EXP 	AM_imgae_2: autoDraw = False
113.0751 	EXP 	Fixation2: autoDraw = False
113.0751 	EXP 	AM_image_1: autoDraw = False
113.0751 	EXP 	AM_imgae_2: autoDraw = False
113.0751 	EXP 	BlankTest: autoDraw = True
113.5595 	EXP 	New trial (rep=0, index=13): OrderedDict([('Upper_Image', 'materials/Asian/Male/S_A_M_06_250.png'), ('Lower_Image', 'materials/Asian/Male/S_A_M_06_250.png'), ('TrialType', 'S')])
113.5759 	EXP 	BlankTest: autoDraw = False
113.5759 	EXP 	BlankTest: autoDraw = False
113.5759 	EXP 	AM_image_1: size = array([0.17361111, 0.17361111])
113.5759 	EXP 	AM_image_1: image = 'materials/Asian/Male/S_A_M_06_250.png'
113.5759 	EXP 	AM_imgae_2: size = array([0.17361111, 0.17361111])
113.5759 	EXP 	AM_imgae_2: image = 'materials/Asian/Male/S_A_M_06_250.png'
113.5759 	EXP 	Fixation2: autoDraw = True
114.0753 	EXP 	Fixation2: autoDraw = False
114.0753 	EXP 	AM_image_1: autoDraw = True
114.0753 	EXP 	AM_imgae_2: autoDraw = True
117.0752 	EXP 	AM_image_1: autoDraw = False
117.0752 	EXP 	AM_imgae_2: autoDraw = False
117.0752 	EXP 	Fixation2: autoDraw = False
117.0752 	EXP 	AM_image_1: autoDraw = False
117.0752 	EXP 	AM_imgae_2: autoDraw = False
117.0752 	EXP 	BlankTest: autoDraw = True
117.5665 	EXP 	Imported conditionList/CF_list2.xlsx as conditions, 14 conditions, 3 params
117.5668 	EXP 	Created sequence: random, trialTypes=14, nReps=0, seed=None
117.5718 	EXP 	Imported conditionList/CM_list5.xlsx as conditions, 14 conditions, 3 params
117.5721 	EXP 	Created sequence: random, trialTypes=14, nReps=0, seed=None
117.5724 	EXP 	New trial (rep=0, index=2): OrderedDict([('AF_rep', 1), ('AM_rep', 0), ('CF_rep', 0), ('CM_rep', 0)])
117.5776 	EXP 	Imported conditionList/AF_list2.xlsx as conditions, 14 conditions, 3 params
117.5778 	EXP 	Created sequence: random, trialTypes=14, nReps=1, seed=None
117.5781 	EXP 	New trial (rep=0, index=0): OrderedDict([('Upper_Image', 'materials/Asian/Female/L_A_F_07_270.png'), ('Lower_Image', 'materials/Asian/Female/S_A_F_07_250.png'), ('TrialType', 'DLU')])
117.6109 	EXP 	BlankTest: autoDraw = False
117.6109 	EXP 	BlankTest: autoDraw = False
117.6109 	EXP 	AF_image_1: size = array([0.17361111, 0.17361111])
117.6109 	EXP 	AF_image_1: image = 'materials/Asian/Female/L_A_F_07_270.png'
117.6109 	EXP 	AF_image_2: size = array([0.17361111, 0.17361111])
117.6109 	EXP 	AF_image_2: image = 'materials/Asian/Female/S_A_F_07_250.png'
117.6109 	EXP 	Fixation: autoDraw = True
118.0925 	EXP 	AF_image_1: autoDraw = True
118.0925 	EXP 	AF_image_2: autoDraw = True
118.1260 	EXP 	Fixation: autoDraw = False
119.1933 	DATA 	Mouse: Left button down, pos=(1293,1025)
119.2089 	EXP 	Fixation: autoDraw = False
119.2089 	EXP 	AF_image_1: autoDraw = False
119.2089 	EXP 	AF_image_2: autoDraw = False
119.2089 	EXP 	BlankTest: autoDraw = True
119.3106 	DATA 	Mouse:  Left button up, pos=(1293,1025)
119.6934 	EXP 	New trial (rep=0, index=1): OrderedDict([('Upper_Image', 'materials/Asian/Female/S_A_F_01_250.png'), ('Lower_Image', 'materials/Asian/Female/L_A_F_01_270.png'), ('TrialType', 'DLD')])
119.7097 	EXP 	BlankTest: autoDraw = False
119.7097 	EXP 	BlankTest: autoDraw = False
119.7097 	EXP 	AF_image_1: size = array([0.17361111, 0.17361111])
119.7097 	EXP 	AF_image_1: image = 'materials/Asian/Female/S_A_F_01_250.png'
119.7097 	EXP 	AF_image_2: size = array([0.17361111, 0.17361111])
119.7097 	EXP 	AF_image_2: image = 'materials/Asian/Female/L_A_F_01_270.png'
119.7097 	EXP 	Fixation: autoDraw = True
120.2088 	EXP 	Fixation: autoDraw = False
120.2088 	EXP 	AF_image_1: autoDraw = True
120.2088 	EXP 	AF_image_2: autoDraw = True
120.6934 	DATA 	Mouse: Left button down, pos=(1274,515)
120.7087 	EXP 	Fixation: autoDraw = False
120.7087 	EXP 	AF_image_1: autoDraw = False
120.7087 	EXP 	AF_image_2: autoDraw = False
120.7087 	EXP 	BlankTest: autoDraw = True
120.7932 	DATA 	Mouse:  Left button up, pos=(1274,515)
121.1934 	EXP 	New trial (rep=0, index=2): OrderedDict([('Upper_Image', 'materials/Asian/Female/S_A_F_10_250.png'), ('Lower_Image', 'materials/Asian/Female/S_A_F_10_250.png'), ('TrialType', 'S')])
121.2273 	EXP 	BlankTest: autoDraw = False
121.2273 	EXP 	BlankTest: autoDraw = False
121.2273 	EXP 	AF_image_1: size = array([0.17361111, 0.17361111])
121.2273 	EXP 	AF_image_1: image = 'materials/Asian/Female/S_A_F_10_250.png'
121.2273 	EXP 	AF_image_2: size = array([0.17361111, 0.17361111])
121.2273 	EXP 	AF_image_2: image = 'materials/Asian/Female/S_A_F_10_250.png'
121.2273 	EXP 	Fixation: autoDraw = True
121.7091 	EXP 	AF_image_1: autoDraw = True
121.7091 	EXP 	AF_image_2: autoDraw = True
121.7423 	EXP 	Fixation: autoDraw = False
122.2602 	DATA 	Mouse: Left button down, pos=(1267,529)
122.2759 	EXP 	Fixation: autoDraw = False
122.2759 	EXP 	AF_image_1: autoDraw = False
122.2759 	EXP 	AF_image_2: autoDraw = False
122.2759 	EXP 	BlankTest: autoDraw = True
122.3439 	DATA 	Mouse:  Left button up, pos=(1267,529)
122.7601 	EXP 	New trial (rep=0, index=3): OrderedDict([('Upper_Image', 'materials/Asian/Female/S_A_F_04_250.png'), ('Lower_Image', 'materials/Asian/Female/S_A_F_04_250.png'), ('TrialType', 'S')])
122.7765 	EXP 	BlankTest: autoDraw = False
122.7765 	EXP 	BlankTest: autoDraw = False
122.7765 	EXP 	AF_image_1: size = array([0.17361111, 0.17361111])
122.7765 	EXP 	AF_image_1: image = 'materials/Asian/Female/S_A_F_04_250.png'
122.7765 	EXP 	AF_image_2: size = array([0.17361111, 0.17361111])
122.7765 	EXP 	AF_image_2: image = 'materials/Asian/Female/S_A_F_04_250.png'
122.7765 	EXP 	Fixation: autoDraw = True
123.2757 	EXP 	AF_image_1: autoDraw = True
123.2757 	EXP 	AF_image_2: autoDraw = True
123.2924 	EXP 	Fixation: autoDraw = False
123.7268 	DATA 	Mouse: Left button down, pos=(1280,891)
123.7424 	EXP 	Fixation: autoDraw = False
123.7424 	EXP 	AF_image_1: autoDraw = False
123.7424 	EXP 	AF_image_2: autoDraw = False
123.7424 	EXP 	BlankTest: autoDraw = True
123.7773 	DATA 	Mouse:  Left button up, pos=(1280,891)
124.2269 	EXP 	New trial (rep=0, index=4): OrderedDict([('Upper_Image', 'materials/Asian/Female/S_A_F_08_250.png'), ('Lower_Image', 'materials/Asian/Female/S_A_F_08_250.png'), ('TrialType', 'S')])
124.2433 	EXP 	BlankTest: autoDraw = False
124.2433 	EXP 	BlankTest: autoDraw = False
124.2433 	EXP 	AF_image_1: size = array([0.17361111, 0.17361111])
124.2433 	EXP 	AF_image_1: image = 'materials/Asian/Female/S_A_F_08_250.png'
124.2433 	EXP 	AF_image_2: size = array([0.17361111, 0.17361111])
124.2433 	EXP 	AF_image_2: image = 'materials/Asian/Female/S_A_F_08_250.png'
124.2433 	EXP 	Fixation: autoDraw = True
124.7425 	EXP 	Fixation: autoDraw = False
124.7425 	EXP 	AF_image_1: autoDraw = True
124.7425 	EXP 	AF_image_2: autoDraw = True
125.1935 	DATA 	Mouse: Left button down, pos=(1284,489)
125.2091 	EXP 	Fixation: autoDraw = False
125.2091 	EXP 	AF_image_1: autoDraw = False
125.2091 	EXP 	AF_image_2: autoDraw = False
125.2091 	EXP 	BlankTest: autoDraw = True
125.2941 	DATA 	Mouse:  Left button up, pos=(1284,489)
125.6935 	EXP 	New trial (rep=0, index=5): OrderedDict([('Upper_Image', 'materials/Asian/Female/S_A_F_09_250.png'), ('Lower_Image', 'materials/Asian/Female/S_A_F_09_250.png'), ('TrialType', 'S')])
125.7099 	EXP 	BlankTest: autoDraw = False
125.7099 	EXP 	BlankTest: autoDraw = False
125.7099 	EXP 	AF_image_1: size = array([0.17361111, 0.17361111])
125.7099 	EXP 	AF_image_1: image = 'materials/Asian/Female/S_A_F_09_250.png'
125.7099 	EXP 	AF_image_2: size = array([0.17361111, 0.17361111])
125.7099 	EXP 	AF_image_2: image = 'materials/Asian/Female/S_A_F_09_250.png'
125.7099 	EXP 	Fixation: autoDraw = True
126.2093 	EXP 	Fixation: autoDraw = False
126.2093 	EXP 	AF_image_1: autoDraw = True
126.2093 	EXP 	AF_image_2: autoDraw = True
126.6603 	DATA 	Mouse: Left button down, pos=(1289,927)
126.6758 	EXP 	Fixation: autoDraw = False
126.6758 	EXP 	AF_image_1: autoDraw = False
126.6758 	EXP 	AF_image_2: autoDraw = False
126.6758 	EXP 	BlankTest: autoDraw = True
126.7273 	DATA 	Mouse:  Left button up, pos=(1289,927)
127.1603 	EXP 	New trial (rep=0, index=6): OrderedDict([('Upper_Image', 'materials/Asian/Female/S_A_F_01_250.png'), ('Lower_Image', 'materials/Asian/Female/S_A_F_01_250.png'), ('TrialType', 'S')])
127.1767 	EXP 	BlankTest: autoDraw = False
127.1767 	EXP 	BlankTest: autoDraw = False
127.1767 	EXP 	AF_image_1: size = array([0.17361111, 0.17361111])
127.1767 	EXP 	AF_image_1: image = 'materials/Asian/Female/S_A_F_01_250.png'
127.1767 	EXP 	AF_image_2: size = array([0.17361111, 0.17361111])
127.1767 	EXP 	AF_image_2: image = 'materials/Asian/Female/S_A_F_01_250.png'
127.1767 	EXP 	Fixation: autoDraw = True
127.6758 	EXP 	Fixation: autoDraw = False
127.6758 	EXP 	AF_image_1: autoDraw = True
127.6758 	EXP 	AF_image_2: autoDraw = True
128.0937 	DATA 	Mouse: Left button down, pos=(1274,488)
128.1089 	EXP 	Fixation: autoDraw = False
128.1089 	EXP 	AF_image_1: autoDraw = False
128.1089 	EXP 	AF_image_2: autoDraw = False
128.1089 	EXP 	BlankTest: autoDraw = True
128.1941 	DATA 	Mouse:  Left button up, pos=(1274,488)
128.5938 	EXP 	New trial (rep=0, index=7): OrderedDict([('Upper_Image', 'materials/Asian/Female/L_A_F_08_270.png'), ('Lower_Image', 'materials/Asian/Female/S_A_F_08_250.png'), ('TrialType', 'DLU')])
128.6103 	EXP 	BlankTest: autoDraw = False
128.6103 	EXP 	BlankTest: autoDraw = False
128.6103 	EXP 	AF_image_1: size = array([0.17361111, 0.17361111])
128.6103 	EXP 	AF_image_1: image = 'materials/Asian/Female/L_A_F_08_270.png'
128.6103 	EXP 	AF_image_2: size = array([0.17361111, 0.17361111])
128.6103 	EXP 	AF_image_2: image = 'materials/Asian/Female/S_A_F_08_250.png'
128.6103 	EXP 	Fixation: autoDraw = True
129.1092 	EXP 	AF_image_1: autoDraw = True
129.1092 	EXP 	AF_image_2: autoDraw = True
129.1260 	EXP 	Fixation: autoDraw = False
129.5606 	DATA 	Mouse: Left button down, pos=(1304,831)
129.5630 	DATA 	Mouse:  Left button up, pos=(1304,831)
129.5752 	EXP 	Fixation: autoDraw = False
129.5752 	EXP 	AF_image_1: autoDraw = False
129.5752 	EXP 	AF_image_2: autoDraw = False
129.5752 	EXP 	BlankTest: autoDraw = True
130.0603 	EXP 	New trial (rep=0, index=8): OrderedDict([('Upper_Image', 'materials/Asian/Female/S_A_F_07_250.png'), ('Lower_Image', 'materials/Asian/Female/S_A_F_07_250.png'), ('TrialType', 'S')])
130.0768 	EXP 	BlankTest: autoDraw = False
130.0768 	EXP 	BlankTest: autoDraw = False
130.0768 	EXP 	AF_image_1: size = array([0.17361111, 0.17361111])
130.0768 	EXP 	AF_image_1: image = 'materials/Asian/Female/S_A_F_07_250.png'
130.0768 	EXP 	AF_image_2: size = array([0.17361111, 0.17361111])
130.0768 	EXP 	AF_image_2: image = 'materials/Asian/Female/S_A_F_07_250.png'
130.0768 	EXP 	Fixation: autoDraw = True
130.5758 	EXP 	AF_image_1: autoDraw = True
130.5758 	EXP 	AF_image_2: autoDraw = True
130.5926 	EXP 	Fixation: autoDraw = False
131.2105 	DATA 	Mouse: Left button down, pos=(1271,517)
131.2112 	DATA 	Mouse:  Left button up, pos=(1271,517)
132.0105 	DATA 	Mouse: Left button down, pos=(1271,517)
132.0112 	DATA 	Mouse:  Left button up, pos=(1271,517)
132.2604 	DATA 	Mouse: Left button down, pos=(1271,517)
132.2759 	EXP 	Fixation: autoDraw = False
132.2759 	EXP 	AF_image_1: autoDraw = False
132.2759 	EXP 	AF_image_2: autoDraw = False
132.2759 	EXP 	BlankTest: autoDraw = True
132.3943 	DATA 	Mouse:  Left button up, pos=(1271,517)
132.7604 	EXP 	New trial (rep=0, index=9): OrderedDict([('Upper_Image', 'materials/Asian/Female/S_A_F_05_250.png'), ('Lower_Image', 'materials/Asian/Female/L_A_F_05_270.png'), ('TrialType', 'DLD')])
132.7765 	EXP 	BlankTest: autoDraw = False
132.7765 	EXP 	BlankTest: autoDraw = False
132.7765 	EXP 	AF_image_1: size = array([0.17361111, 0.17361111])
132.7765 	EXP 	AF_image_1: image = 'materials/Asian/Female/S_A_F_05_250.png'
132.7765 	EXP 	AF_image_2: size = array([0.17361111, 0.17361111])
132.7765 	EXP 	AF_image_2: image = 'materials/Asian/Female/L_A_F_05_270.png'
132.7765 	EXP 	Fixation: autoDraw = True
133.2759 	EXP 	Fixation: autoDraw = False
133.2759 	EXP 	AF_image_1: autoDraw = True
133.2759 	EXP 	AF_image_2: autoDraw = True
133.7605 	DATA 	Mouse: Left button down, pos=(1306,884)
133.7755 	EXP 	Fixation: autoDraw = False
133.7755 	EXP 	AF_image_1: autoDraw = False
133.7755 	EXP 	AF_image_2: autoDraw = False
133.7755 	EXP 	BlankTest: autoDraw = True
133.8468 	DATA 	Mouse:  Left button up, pos=(1306,884)
134.2604 	EXP 	New trial (rep=0, index=10): OrderedDict([('Upper_Image', 'materials/Asian/Female/S_A_F_03_250.png'), ('Lower_Image', 'materials/Asian/Female/S_A_F_03_250.png'), ('TrialType', 'S')])
134.2769 	EXP 	BlankTest: autoDraw = False
134.2769 	EXP 	BlankTest: autoDraw = False
134.2769 	EXP 	AF_image_1: size = array([0.17361111, 0.17361111])
134.2769 	EXP 	AF_image_1: image = 'materials/Asian/Female/S_A_F_03_250.png'
134.2769 	EXP 	AF_image_2: size = array([0.17361111, 0.17361111])
134.2769 	EXP 	AF_image_2: image = 'materials/Asian/Female/S_A_F_03_250.png'
134.2769 	EXP 	Fixation: autoDraw = True
134.7759 	EXP 	Fixation: autoDraw = False
134.7759 	EXP 	AF_image_1: autoDraw = True
134.7759 	EXP 	AF_image_2: autoDraw = True
135.2440 	DATA 	Mouse: Left button down, pos=(1272,467)
135.2596 	EXP 	Fixation: autoDraw = False
135.2596 	EXP 	AF_image_1: autoDraw = False
135.2596 	EXP 	AF_image_2: autoDraw = False
135.2596 	EXP 	BlankTest: autoDraw = True
135.3443 	DATA 	Mouse:  Left button up, pos=(1272,467)
135.7442 	EXP 	New trial (rep=0, index=11): OrderedDict([('Upper_Image', 'materials/Asian/Female/S_A_F_05_250.png'), ('Lower_Image', 'materials/Asian/Female/S_A_F_05_250.png'), ('TrialType', 'S')])
135.7608 	EXP 	BlankTest: autoDraw = False
135.7608 	EXP 	BlankTest: autoDraw = False
135.7608 	EXP 	AF_image_1: size = array([0.17361111, 0.17361111])
135.7608 	EXP 	AF_image_1: image = 'materials/Asian/Female/S_A_F_05_250.png'
135.7608 	EXP 	AF_image_2: size = array([0.17361111, 0.17361111])
135.7608 	EXP 	AF_image_2: image = 'materials/Asian/Female/S_A_F_05_250.png'
135.7608 	EXP 	Fixation: autoDraw = True
136.2598 	EXP 	AF_image_1: autoDraw = True
136.2598 	EXP 	AF_image_2: autoDraw = True
136.2761 	EXP 	Fixation: autoDraw = False
137.0108 	DATA 	Mouse: Left button down, pos=(1293,1006)
137.0264 	EXP 	Fixation: autoDraw = False
137.0264 	EXP 	AF_image_1: autoDraw = False
137.0264 	EXP 	AF_image_2: autoDraw = False
137.0264 	EXP 	BlankTest: autoDraw = True
137.0945 	DATA 	Mouse:  Left button up, pos=(1293,1006)
137.5105 	EXP 	New trial (rep=0, index=12): OrderedDict([('Upper_Image', 'materials/Asian/Female/S_A_F_02_250.png'), ('Lower_Image', 'materials/Asian/Female/S_A_F_02_250.png'), ('TrialType', 'S')])
137.5279 	EXP 	BlankTest: autoDraw = False
137.5279 	EXP 	BlankTest: autoDraw = False
137.5279 	EXP 	AF_image_1: size = array([0.17361111, 0.17361111])
137.5279 	EXP 	AF_image_1: image = 'materials/Asian/Female/S_A_F_02_250.png'
137.5279 	EXP 	AF_image_2: size = array([0.17361111, 0.17361111])
137.5279 	EXP 	AF_image_2: image = 'materials/Asian/Female/S_A_F_02_250.png'
137.5279 	EXP 	Fixation: autoDraw = True
138.0264 	EXP 	AF_image_1: autoDraw = True
138.0264 	EXP 	AF_image_2: autoDraw = True
138.0428 	EXP 	Fixation: autoDraw = False
138.3940 	DATA 	Mouse: Left button down, pos=(1278,491)
138.4097 	EXP 	Fixation: autoDraw = False
138.4097 	EXP 	AF_image_1: autoDraw = False
138.4097 	EXP 	AF_image_2: autoDraw = False
138.4097 	EXP 	BlankTest: autoDraw = True
138.4944 	DATA 	Mouse:  Left button up, pos=(1278,491)
138.8942 	EXP 	New trial (rep=0, index=13): OrderedDict([('Upper_Image', 'materials/Asian/Female/S_A_F_06_250.png'), ('Lower_Image', 'materials/Asian/Female/S_A_F_06_250.png'), ('TrialType', 'S')])
138.9107 	EXP 	BlankTest: autoDraw = False
138.9107 	EXP 	BlankTest: autoDraw = False
138.9107 	EXP 	AF_image_1: size = array([0.17361111, 0.17361111])
138.9107 	EXP 	AF_image_1: image = 'materials/Asian/Female/S_A_F_06_250.png'
138.9107 	EXP 	AF_image_2: size = array([0.17361111, 0.17361111])
138.9107 	EXP 	AF_image_2: image = 'materials/Asian/Female/S_A_F_06_250.png'
138.9107 	EXP 	Fixation: autoDraw = True
139.4098 	EXP 	AF_image_1: autoDraw = True
139.4098 	EXP 	AF_image_2: autoDraw = True
139.4265 	EXP 	Fixation: autoDraw = False
139.8609 	DATA 	Mouse: Left button down, pos=(1287,911)
139.8766 	EXP 	Fixation: autoDraw = False
139.8766 	EXP 	AF_image_1: autoDraw = False
139.8766 	EXP 	AF_image_2: autoDraw = False
139.8766 	EXP 	BlankTest: autoDraw = True
139.9280 	DATA 	Mouse:  Left button up, pos=(1287,911)
140.3697 	EXP 	Imported conditionList/AM_list3.xlsx as conditions, 14 conditions, 3 params
140.3699 	EXP 	Created sequence: random, trialTypes=14, nReps=0, seed=None
140.3749 	EXP 	Imported conditionList/CF_list2.xlsx as conditions, 14 conditions, 3 params
140.3752 	EXP 	Created sequence: random, trialTypes=14, nReps=0, seed=None
140.3801 	EXP 	Imported conditionList/CM_list5.xlsx as conditions, 14 conditions, 3 params
140.3803 	EXP 	Created sequence: random, trialTypes=14, nReps=0, seed=None
140.3806 	EXP 	New trial (rep=0, index=3): OrderedDict([('AF_rep', 0), ('AM_rep', 0), ('CF_rep', 1), ('CM_rep', 0)])
140.3857 	EXP 	Imported conditionList/AF_list2.xlsx as conditions, 14 conditions, 3 params
140.3860 	EXP 	Created sequence: random, trialTypes=14, nReps=0, seed=None
140.3908 	EXP 	Imported conditionList/AM_list3.xlsx as conditions, 14 conditions, 3 params
140.3910 	EXP 	Created sequence: random, trialTypes=14, nReps=0, seed=None
140.3958 	EXP 	Imported conditionList/CF_list2.xlsx as conditions, 14 conditions, 3 params
140.3961 	EXP 	Created sequence: random, trialTypes=14, nReps=1, seed=None
140.3963 	EXP 	New trial (rep=0, index=0): OrderedDict([('Upper_Image', 'materials/Caucasian/Female/S_C_F_03_250.png'), ('Lower_Image', 'materials/Caucasian/Female/S_C_F_03_250.png'), ('TrialType', 'S')])
140.4109 	EXP 	BlankTest: autoDraw = False
140.4109 	EXP 	BlankTest: autoDraw = False
140.4109 	EXP 	CF_image_1: size = array([0.17361111, 0.17361111])
140.4109 	EXP 	CF_image_1: image = 'materials/Caucasian/Female/S_C_F_03_250.png'
140.4109 	EXP 	CF_image_2: size = array([0.17361111, 0.17361111])
140.4109 	EXP 	CF_image_2: image = 'materials/Caucasian/Female/S_C_F_03_250.png'
140.4109 	EXP 	Fixation3: autoDraw = True
140.9099 	EXP 	Fixation3: autoDraw = False
140.9099 	EXP 	CF_image_1: autoDraw = True
140.9099 	EXP 	CF_image_2: autoDraw = True
141.4444 	DATA 	Mouse: Left button down, pos=(1267,554)
141.4598 	EXP 	Fixation3: autoDraw = False
141.4598 	EXP 	CF_image_1: autoDraw = False
141.4598 	EXP 	CF_image_2: autoDraw = False
141.4598 	EXP 	BlankTest: autoDraw = True
141.5618 	DATA 	Mouse:  Left button up, pos=(1267,554)
141.9445 	EXP 	New trial (rep=0, index=1): OrderedDict([('Upper_Image', 'materials/Caucasian/Female/S_C_F_07_250.png'), ('Lower_Image', 'materials/Caucasian/Female/S_C_F_07_250.png'), ('TrialType', 'S')])
141.9608 	EXP 	BlankTest: autoDraw = False
141.9608 	EXP 	BlankTest: autoDraw = False
141.9608 	EXP 	CF_image_1: size = array([0.17361111, 0.17361111])
141.9608 	EXP 	CF_image_1: image = 'materials/Caucasian/Female/S_C_F_07_250.png'
141.9608 	EXP 	CF_image_2: size = array([0.17361111, 0.17361111])
141.9608 	EXP 	CF_image_2: image = 'materials/Caucasian/Female/S_C_F_07_250.png'
141.9608 	EXP 	Fixation3: autoDraw = True
142.4602 	EXP 	Fixation3: autoDraw = False
142.4602 	EXP 	CF_image_1: autoDraw = True
142.4602 	EXP 	CF_image_2: autoDraw = True
142.9955 	DATA 	Mouse: Left button down, pos=(1298,937)
143.0264 	EXP 	Fixation3: autoDraw = False
143.0264 	EXP 	CF_image_1: autoDraw = False
143.0264 	EXP 	CF_image_2: autoDraw = False
143.0264 	EXP 	BlankTest: autoDraw = True
143.0780 	DATA 	Mouse:  Left button up, pos=(1298,937)
143.5110 	EXP 	New trial (rep=0, index=2): OrderedDict([('Upper_Image', 'materials/Caucasian/Female/S_C_F_01_250.png'), ('Lower_Image', 'materials/Caucasian/Female/L_C_F_01_270.png'), ('TrialType', 'DLD')])
143.5275 	EXP 	BlankTest: autoDraw = False
143.5275 	EXP 	BlankTest: autoDraw = False
143.5275 	EXP 	CF_image_1: size = array([0.17361111, 0.17361111])
143.5275 	EXP 	CF_image_1: image = 'materials/Caucasian/Female/S_C_F_01_250.png'
143.5275 	EXP 	CF_image_2: size = array([0.17361111, 0.17361111])
143.5275 	EXP 	CF_image_2: image = 'materials/Caucasian/Female/L_C_F_01_270.png'
143.5275 	EXP 	Fixation3: autoDraw = True
144.0266 	EXP 	Fixation3: autoDraw = False
144.0266 	EXP 	CF_image_1: autoDraw = True
144.0266 	EXP 	CF_image_2: autoDraw = True
144.5790 	DATA 	Mouse: Left button down, pos=(1270,569)
144.6098 	EXP 	Fixation3: autoDraw = False
144.6098 	EXP 	CF_image_1: autoDraw = False
144.6098 	EXP 	CF_image_2: autoDraw = False
144.6098 	EXP 	BlankTest: autoDraw = True
144.6779 	DATA 	Mouse:  Left button up, pos=(1270,569)
145.0943 	EXP 	New trial (rep=0, index=3): OrderedDict([('Upper_Image', 'materials/Caucasian/Female/S_C_F_05_250.png'), ('Lower_Image', 'materials/Caucasian/Female/S_C_F_05_250.png'), ('TrialType', 'S')])
145.1108 	EXP 	BlankTest: autoDraw = False
145.1108 	EXP 	BlankTest: autoDraw = False
145.1108 	EXP 	CF_image_1: size = array([0.17361111, 0.17361111])
145.1108 	EXP 	CF_image_1: image = 'materials/Caucasian/Female/S_C_F_05_250.png'
145.1108 	EXP 	CF_image_2: size = array([0.17361111, 0.17361111])
145.1108 	EXP 	CF_image_2: image = 'materials/Caucasian/Female/S_C_F_05_250.png'
145.1108 	EXP 	Fixation3: autoDraw = True
145.6098 	EXP 	CF_image_1: autoDraw = True
145.6098 	EXP 	CF_image_2: autoDraw = True
145.6266 	EXP 	Fixation3: autoDraw = False
146.1606 	DATA 	Mouse: Left button down, pos=(1296,890)
146.1764 	EXP 	Fixation3: autoDraw = False
146.1764 	EXP 	CF_image_1: autoDraw = False
146.1764 	EXP 	CF_image_2: autoDraw = False
146.1764 	EXP 	BlankTest: autoDraw = True
146.2283 	DATA 	Mouse:  Left button up, pos=(1296,890)
146.6615 	EXP 	New trial (rep=0, index=4): OrderedDict([('Upper_Image', 'materials/Caucasian/Female/S_C_F_09_250.png'), ('Lower_Image', 'materials/Caucasian/Female/S_C_F_09_250.png'), ('TrialType', 'S')])
146.6780 	EXP 	BlankTest: autoDraw = False
146.6780 	EXP 	BlankTest: autoDraw = False
146.6780 	EXP 	CF_image_1: size = array([0.17361111, 0.17361111])
146.6780 	EXP 	CF_image_1: image = 'materials/Caucasian/Female/S_C_F_09_250.png'
146.6780 	EXP 	CF_image_2: size = array([0.17361111, 0.17361111])
146.6780 	EXP 	CF_image_2: image = 'materials/Caucasian/Female/S_C_F_09_250.png'
146.6780 	EXP 	Fixation3: autoDraw = True
147.1769 	EXP 	CF_image_1: autoDraw = True
147.1769 	EXP 	CF_image_2: autoDraw = True
147.1937 	EXP 	Fixation3: autoDraw = False
147.7123 	DATA 	Mouse: Left button down, pos=(1284,562)
147.7435 	EXP 	Fixation3: autoDraw = False
147.7435 	EXP 	CF_image_1: autoDraw = False
147.7435 	EXP 	CF_image_2: autoDraw = False
147.7435 	EXP 	BlankTest: autoDraw = True
147.8116 	DATA 	Mouse:  Left button up, pos=(1284,562)
148.2278 	EXP 	New trial (rep=0, index=5): OrderedDict([('Upper_Image', 'materials/Caucasian/Female/S_C_F_01_250.png'), ('Lower_Image', 'materials/Caucasian/Female/S_C_F_01_250.png'), ('TrialType', 'S')])
148.2441 	EXP 	BlankTest: autoDraw = False
148.2441 	EXP 	BlankTest: autoDraw = False
148.2441 	EXP 	CF_image_1: size = array([0.17361111, 0.17361111])
148.2441 	EXP 	CF_image_1: image = 'materials/Caucasian/Female/S_C_F_01_250.png'
148.2441 	EXP 	CF_image_2: size = array([0.17361111, 0.17361111])
148.2441 	EXP 	CF_image_2: image = 'materials/Caucasian/Female/S_C_F_01_250.png'
148.2441 	EXP 	Fixation3: autoDraw = True
148.7436 	EXP 	Fixation3: autoDraw = False
148.7436 	EXP 	CF_image_1: autoDraw = True
148.7436 	EXP 	CF_image_2: autoDraw = True
149.0951 	DATA 	Mouse: Left button down, pos=(1305,925)
149.1102 	EXP 	Fixation3: autoDraw = False
149.1102 	EXP 	CF_image_1: autoDraw = False
149.1102 	EXP 	CF_image_2: autoDraw = False
149.1102 	EXP 	BlankTest: autoDraw = True
149.1788 	DATA 	Mouse:  Left button up, pos=(1305,925)
149.5950 	EXP 	New trial (rep=0, index=6): OrderedDict([('Upper_Image', 'materials/Caucasian/Female/S_C_F_08_250.png'), ('Lower_Image', 'materials/Caucasian/Female/S_C_F_08_250.png'), ('TrialType', 'S')])
149.6114 	EXP 	BlankTest: autoDraw = False
149.6114 	EXP 	BlankTest: autoDraw = False
149.6114 	EXP 	CF_image_1: size = array([0.17361111, 0.17361111])
149.6114 	EXP 	CF_image_1: image = 'materials/Caucasian/Female/S_C_F_08_250.png'
149.6114 	EXP 	CF_image_2: size = array([0.17361111, 0.17361111])
149.6114 	EXP 	CF_image_2: image = 'materials/Caucasian/Female/S_C_F_08_250.png'
149.6114 	EXP 	Fixation3: autoDraw = True
150.1104 	EXP 	CF_image_1: autoDraw = True
150.1104 	EXP 	CF_image_2: autoDraw = True
150.1271 	EXP 	Fixation3: autoDraw = False
150.4778 	DATA 	Mouse: Left button down, pos=(1275,444)
150.4936 	EXP 	Fixation3: autoDraw = False
150.4936 	EXP 	CF_image_1: autoDraw = False
150.4936 	EXP 	CF_image_2: autoDraw = False
150.4936 	EXP 	BlankTest: autoDraw = True
150.5619 	DATA 	Mouse:  Left button up, pos=(1275,444)
150.9780 	EXP 	New trial (rep=0, index=7): OrderedDict([('Upper_Image', 'materials/Caucasian/Female/L_C_F_08_270.png'), ('Lower_Image', 'materials/Caucasian/Female/S_C_F_08_250.png'), ('TrialType', 'DLU')])
150.9930 	EXP 	BlankTest: autoDraw = False
150.9930 	EXP 	BlankTest: autoDraw = False
150.9930 	EXP 	CF_image_1: size = array([0.17361111, 0.17361111])
150.9930 	EXP 	CF_image_1: image = 'materials/Caucasian/Female/L_C_F_08_270.png'
150.9930 	EXP 	CF_image_2: size = array([0.17361111, 0.17361111])
150.9930 	EXP 	CF_image_2: image = 'materials/Caucasian/Female/S_C_F_08_250.png'
150.9930 	EXP 	Fixation3: autoDraw = True
151.4939 	EXP 	Fixation3: autoDraw = False
151.4939 	EXP 	CF_image_1: autoDraw = True
151.4939 	EXP 	CF_image_2: autoDraw = True
151.8117 	DATA 	Mouse: Left button down, pos=(1293,891)
151.8272 	EXP 	Fixation3: autoDraw = False
151.8272 	EXP 	CF_image_1: autoDraw = False
151.8272 	EXP 	CF_image_2: autoDraw = False
151.8272 	EXP 	BlankTest: autoDraw = True
151.8789 	DATA 	Mouse:  Left button up, pos=(1293,891)
152.3117 	EXP 	New trial (rep=0, index=8): OrderedDict([('Upper_Image', 'materials/Caucasian/Female/S_C_F_10_250.png'), ('Lower_Image', 'materials/Caucasian/Female/S_C_F_10_250.png'), ('TrialType', 'S')])
152.3283 	EXP 	BlankTest: autoDraw = False
152.3283 	EXP 	BlankTest: autoDraw = False
152.3283 	EXP 	CF_image_1: size = array([0.17361111, 0.17361111])
152.3283 	EXP 	CF_image_1: image = 'materials/Caucasian/Female/S_C_F_10_250.png'
152.3283 	EXP 	CF_image_2: size = array([0.17361111, 0.17361111])
152.3283 	EXP 	CF_image_2: image = 'materials/Caucasian/Female/S_C_F_10_250.png'
152.3283 	EXP 	Fixation3: autoDraw = True
152.8273 	EXP 	CF_image_1: autoDraw = True
152.8273 	EXP 	CF_image_2: autoDraw = True
152.8438 	EXP 	Fixation3: autoDraw = False
153.2947 	DATA 	Mouse: Left button down, pos=(1270,537)
153.3106 	EXP 	Fixation3: autoDraw = False
153.3106 	EXP 	CF_image_1: autoDraw = False
153.3106 	EXP 	CF_image_2: autoDraw = False
153.3106 	EXP 	BlankTest: autoDraw = True
153.3791 	DATA 	Mouse:  Left button up, pos=(1270,537)
153.7947 	EXP 	New trial (rep=0, index=9): OrderedDict([('Upper_Image', 'materials/Caucasian/Female/S_C_F_06_250.png'), ('Lower_Image', 'materials/Caucasian/Female/S_C_F_06_250.png'), ('TrialType', 'S')])
153.8113 	EXP 	BlankTest: autoDraw = False
153.8113 	EXP 	BlankTest: autoDraw = False
153.8113 	EXP 	CF_image_1: size = array([0.17361111, 0.17361111])
153.8113 	EXP 	CF_image_1: image = 'materials/Caucasian/Female/S_C_F_06_250.png'
153.8113 	EXP 	CF_image_2: size = array([0.17361111, 0.17361111])
153.8113 	EXP 	CF_image_2: image = 'materials/Caucasian/Female/S_C_F_06_250.png'
153.8113 	EXP 	Fixation3: autoDraw = True
154.3106 	EXP 	Fixation3: autoDraw = False
154.3106 	EXP 	CF_image_1: autoDraw = True
154.3106 	EXP 	CF_image_2: autoDraw = True
154.6286 	DATA 	Mouse: Left button down, pos=(1290,851)
154.6440 	EXP 	Fixation3: autoDraw = False
154.6440 	EXP 	CF_image_1: autoDraw = False
154.6440 	EXP 	CF_image_2: autoDraw = False
154.6440 	EXP 	BlankTest: autoDraw = True
154.7290 	DATA 	Mouse:  Left button up, pos=(1290,851)
155.1283 	EXP 	New trial (rep=0, index=10): OrderedDict([('Upper_Image', 'materials/Caucasian/Female/L_C_F_07_270.png'), ('Lower_Image', 'materials/Caucasian/Female/S_C_F_07_250.png'), ('TrialType', 'DLU')])
155.1449 	EXP 	BlankTest: autoDraw = False
155.1449 	EXP 	BlankTest: autoDraw = False
155.1449 	EXP 	CF_image_1: size = array([0.17361111, 0.17361111])
155.1449 	EXP 	CF_image_1: image = 'materials/Caucasian/Female/L_C_F_07_270.png'
155.1449 	EXP 	CF_image_2: size = array([0.17361111, 0.17361111])
155.1449 	EXP 	CF_image_2: image = 'materials/Caucasian/Female/S_C_F_07_250.png'
155.1449 	EXP 	Fixation3: autoDraw = True
155.6439 	EXP 	Fixation3: autoDraw = False
155.6439 	EXP 	CF_image_1: autoDraw = True
155.6439 	EXP 	CF_image_2: autoDraw = True
156.1450 	DATA 	Mouse: Left button down, pos=(1269,504)
156.1605 	EXP 	Fixation3: autoDraw = False
156.1605 	EXP 	CF_image_1: autoDraw = False
156.1605 	EXP 	CF_image_2: autoDraw = False
156.1605 	EXP 	BlankTest: autoDraw = True
156.2454 	DATA 	Mouse:  Left button up, pos=(1269,504)
156.6449 	EXP 	New trial (rep=0, index=11): OrderedDict([('Upper_Image', 'materials/Caucasian/Female/S_C_F_02_250.png'), ('Lower_Image', 'materials/Caucasian/Female/S_C_F_02_250.png'), ('TrialType', 'S')])
156.6612 	EXP 	BlankTest: autoDraw = False
156.6612 	EXP 	BlankTest: autoDraw = False
156.6612 	EXP 	CF_image_1: size = array([0.17361111, 0.17361111])
156.6612 	EXP 	CF_image_1: image = 'materials/Caucasian/Female/S_C_F_02_250.png'
156.6612 	EXP 	CF_image_2: size = array([0.17361111, 0.17361111])
156.6612 	EXP 	CF_image_2: image = 'materials/Caucasian/Female/S_C_F_02_250.png'
156.6612 	EXP 	Fixation3: autoDraw = True
157.1607 	EXP 	Fixation3: autoDraw = False
157.1607 	EXP 	CF_image_1: autoDraw = True
157.1607 	EXP 	CF_image_2: autoDraw = True
157.6618 	DATA 	Mouse: Left button down, pos=(1282,898)
157.6775 	EXP 	Fixation3: autoDraw = False
157.6775 	EXP 	CF_image_1: autoDraw = False
157.6775 	EXP 	CF_image_2: autoDraw = False
157.6775 	EXP 	BlankTest: autoDraw = True
157.7458 	DATA 	Mouse:  Left button up, pos=(1282,898)
158.1616 	EXP 	New trial (rep=0, index=12): OrderedDict([('Upper_Image', 'materials/Caucasian/Female/S_C_F_05_250.png'), ('Lower_Image', 'materials/Caucasian/Female/L_C_F_05_270.png'), ('TrialType', 'DLD')])
158.1782 	EXP 	BlankTest: autoDraw = False
158.1782 	EXP 	BlankTest: autoDraw = False
158.1782 	EXP 	CF_image_1: size = array([0.17361111, 0.17361111])
158.1782 	EXP 	CF_image_1: image = 'materials/Caucasian/Female/S_C_F_05_250.png'
158.1782 	EXP 	CF_image_2: size = array([0.17361111, 0.17361111])
158.1782 	EXP 	CF_image_2: image = 'materials/Caucasian/Female/L_C_F_05_270.png'
158.1782 	EXP 	Fixation3: autoDraw = True
158.6776 	EXP 	Fixation3: autoDraw = False
158.6776 	EXP 	CF_image_1: autoDraw = True
158.6776 	EXP 	CF_image_2: autoDraw = True
159.1787 	DATA 	Mouse: Left button down, pos=(1279,541)
159.1942 	EXP 	Fixation3: autoDraw = False
159.1942 	EXP 	CF_image_1: autoDraw = False
159.1942 	EXP 	CF_image_2: autoDraw = False
159.1942 	EXP 	BlankTest: autoDraw = True
159.2626 	DATA 	Mouse:  Left button up, pos=(1279,541)
159.6785 	EXP 	New trial (rep=0, index=13): OrderedDict([('Upper_Image', 'materials/Caucasian/Female/S_C_F_04_250.png'), ('Lower_Image', 'materials/Caucasian/Female/S_C_F_04_250.png'), ('TrialType', 'S')])
159.6950 	EXP 	BlankTest: autoDraw = False
159.6950 	EXP 	BlankTest: autoDraw = False
159.6950 	EXP 	CF_image_1: size = array([0.17361111, 0.17361111])
159.6950 	EXP 	CF_image_1: image = 'materials/Caucasian/Female/S_C_F_04_250.png'
159.6950 	EXP 	CF_image_2: size = array([0.17361111, 0.17361111])
159.6950 	EXP 	CF_image_2: image = 'materials/Caucasian/Female/S_C_F_04_250.png'
159.6950 	EXP 	Fixation3: autoDraw = True
160.1939 	EXP 	Fixation3: autoDraw = False
160.1939 	EXP 	CF_image_1: autoDraw = True
160.1939 	EXP 	CF_image_2: autoDraw = True
160.7452 	DATA 	Mouse: Left button down, pos=(1281,944)
160.7608 	EXP 	Fixation3: autoDraw = False
160.7608 	EXP 	CF_image_1: autoDraw = False
160.7608 	EXP 	CF_image_2: autoDraw = False
160.7608 	EXP 	BlankTest: autoDraw = True
160.8126 	DATA 	Mouse:  Left button up, pos=(1281,944)
161.2514 	EXP 	Imported conditionList/CM_list5.xlsx as conditions, 14 conditions, 3 params
161.2516 	EXP 	Created sequence: random, trialTypes=14, nReps=0, seed=None
161.2604 	EXP 	BlankTest: autoDraw = False
161.2604 	EXP 	BlankTest: autoDraw = False
161.2604 	EXP 	text: autoDraw = True
164.2613 	EXP 	text: autoDraw = False
164.2613 	EXP 	text: autoDraw = False
164.5800 	EXP 	window1: mouseVisible = True
