1.0432 	WARNING 	We strongly recommend you activate the PTB sound engine in PsychoPy prefs as the preferred audio engine. Its timing is vastly superior. Your prefs are currently set to use ['sounddevice', 'PTB', 'pyo', 'pygame'] (in that order).
1.0433 	WARNING 	Requested audio device 'MacBook Pro Speakers' that is not available on this hardware. The 'audioDevice' preference should be one of ['DELL U2718Q']
14.0758 	WARNING 	User requested fullscreen with size [1280  800], but screen is actually [2560, 1440]. Using actual size
16.3856 	WARNING 	Couldn't measure a consistent frame rate.
  - Is your graphics card set to sync to vertical blank?
  - Are you running other processes on your computer?

16.3860 	EXP 	Created window1 = Window(allowGUI=False, allowStencil=False, args=UNKNOWN, autoLog=True, bitsMode=UNKNOWN, blendMode='avg', bpc=(8, 8, 8), color='white', colorSpace='named', depthBits=8, fullscr=<method-wrapper '__getattribute__' of attributeSetter object at 0x1402aaa20>, gamma=None, gammaErrorPolicy='raise', kwargs=UNKNOWN, lms=UNKNOWN, monitor=<psychopy.monitors.calibTools.Monitor object at 0x141fa87b8>, multiSample=False, name='window1', numSamples=2, pos=[640.0, 360.0], screen=0, size=array([5120, 2880]), stencilBits=0, stereo=False, units='height', useFBO=True, useRetina=True, viewOri=0.0, viewPos=None, viewScale=None, waitBlanking=True, winType='pyglet')
16.3861 	EXP 	window1: recordFrameIntervals = False
16.5499 	EXP 	window1: recordFrameIntervals = True
18.2166 	WARNING 	Couldn't measure a consistent frame rate.
  - Is your graphics card set to sync to vertical blank?
  - Are you running other processes on your computer?

19.3559 	EXP 	Created InstrText = TextStim(__class__=<class 'psychopy.visual.text.TextStim'>, alignHoriz=method-wrapper(...), alignText='center', alignVert=method-wrapper(...), anchorHoriz='center', anchorVert='center', antialias=True, autoLog=True, bold=False, color='black', colorSpace='named', contrast=1.0, depth=0.0, flipHoriz=False, flipVert=False, font='Arial', fontFiles=[], height=0.05, italic=False, languageStyle='LTR', name='InstrText', opacity=1.0, ori=0, pos=array([0., 0.]), rgb=array([0., 0., 0.]), text=str(...), units='height', win=Window(...), wrapWidth=1)
20.3176 	EXP 	Created Fixation0 = ShapeStim(__class__=<class 'psychopy.visual.shape.ShapeStim'>, autoDraw=False, autoLog=True, closeShape=True, contrast=1.0, depth=-1.0, fillColor='black', fillColorSpace='named', interpolate=True, lineColor='black', lineColorSpace='named', lineWidth=1, name='Fixation0', opacity=1.0, ori=array(0.), pos=array([0., 0.]), size=array([0.1, 0.1]), units='height', vertices=ndarray(...), win=Window(...), windingRule=None)
20.3192 	EXP 	Created Upper_image = ImageStim(__class__=<class 'psychopy.visual.image.ImageStim'>, autoLog=True, color=array([1., 1., 1.]), colorSpace='rgb', contrast=1.0, depth=-2.0, flipHoriz=False, flipVert=False, image='sin', interpolate=False, mask=None, maskParams=None, name='Upper_image', opacity=1.0, ori=0.0, pos=array([0.  , 0.16]), size=array([0.5, 0.5]), texRes=128, units='height', win=Window(...))
20.3203 	EXP 	Created Lower_image = ImageStim(__class__=<class 'psychopy.visual.image.ImageStim'>, autoLog=True, color=array([1., 1., 1.]), colorSpace='rgb', contrast=1.0, depth=-3.0, flipHoriz=False, flipVert=False, image='sin', interpolate=False, mask=None, maskParams=None, name='Lower_image', opacity=1.0, ori=0.0, pos=array([ 0.  , -0.16]), size=array([0.5, 0.5]), texRes=128, units='height', win=Window(...))
20.3211 	EXP 	Created BlankTest = TextStim(__class__=<class 'psychopy.visual.text.TextStim'>, alignHoriz=method-wrapper(...), alignText='center', alignVert=method-wrapper(...), anchorHoriz='center', anchorVert='center', antialias=True, autoLog=True, bold=False, color='white', colorSpace='named', contrast=1.0, depth=0.0, flipHoriz=False, flipVert=False, font='Arial', fontFiles=[], height=0.1, italic=False, languageStyle='LTR', name='BlankTest', opacity=1.0, ori=0, pos=array([0., 0.]), rgb=array([255., 255., 255.]), text='', units='height', win=Window(...), wrapWidth=1)
20.3268 	EXP 	Created BreakText = TextStim(__class__=<class 'psychopy.visual.text.TextStim'>, alignHoriz=method-wrapper(...), alignText='center', alignVert=method-wrapper(...), anchorHoriz='center', anchorVert='center', antialias=True, autoLog=True, bold=False, color='black', colorSpace='named', contrast=1.0, depth=0.0, flipHoriz=False, flipVert=False, font='Arial', fontFiles=[], height=0.05, italic=False, languageStyle='LTR', name='BreakText', opacity=1.0, ori=0, pos=array([0., 0.]), rgb=array([0., 0., 0.]), text=str(...), units='height', win=Window(...), wrapWidth=1)
21.2754 	EXP 	Created Fixation = ShapeStim(__class__=<class 'psychopy.visual.shape.ShapeStim'>, autoDraw=False, autoLog=True, closeShape=True, contrast=1.0, depth=-1.0, fillColor='black', fillColorSpace='named', interpolate=True, lineColor='black', lineColorSpace='named', lineWidth=1, name='Fixation', opacity=1.0, ori=array(0.), pos=array([0., 0.]), size=array([0.1, 0.1]), units='height', vertices=ndarray(...), win=Window(...), windingRule=None)
21.2766 	EXP 	Created AF_image_1 = ImageStim(__class__=<class 'psychopy.visual.image.ImageStim'>, autoLog=True, color=array([1., 1., 1.]), colorSpace='rgb', contrast=1.0, depth=-2.0, flipHoriz=False, flipVert=False, image='sin', interpolate=False, mask=None, maskParams=None, name='AF_image_1', opacity=1.0, ori=0.0, pos=array([0.  , 0.16]), size=array([0.5, 0.5]), texRes=128, units='height', win=Window(...))
21.2777 	EXP 	Created AF_image_2 = ImageStim(__class__=<class 'psychopy.visual.image.ImageStim'>, autoLog=True, color=array([1., 1., 1.]), colorSpace='rgb', contrast=1.0, depth=-3.0, flipHoriz=False, flipVert=False, image='sin', interpolate=False, mask=None, maskParams=None, name='AF_image_2', opacity=1.0, ori=0.0, pos=array([ 0.  , -0.16]), size=array([0.5, 0.5]), texRes=128, units='height', win=Window(...))
21.2782 	EXP 	Created BlankTest = TextStim(__class__=<class 'psychopy.visual.text.TextStim'>, alignHoriz=method-wrapper(...), alignText='center', alignVert=method-wrapper(...), anchorHoriz='center', anchorVert='center', antialias=True, autoLog=True, bold=False, color='white', colorSpace='named', contrast=1.0, depth=0.0, flipHoriz=False, flipVert=False, font='Arial', fontFiles=[], height=0.1, italic=False, languageStyle='LTR', name='BlankTest', opacity=1.0, ori=0, pos=array([0., 0.]), rgb=array([255., 255., 255.]), text='', units='height', win=Window(...), wrapWidth=1)
21.2790 	EXP 	Created Fixation2 = ShapeStim(__class__=<class 'psychopy.visual.shape.ShapeStim'>, autoDraw=False, autoLog=True, closeShape=True, contrast=1.0, depth=-1.0, fillColor='black', fillColorSpace='named', interpolate=True, lineColor='black', lineColorSpace='named', lineWidth=1, name='Fixation2', opacity=1.0, ori=array(0.), pos=array([0., 0.]), size=array([0.1, 0.1]), units='height', vertices=ndarray(...), win=Window(...), windingRule=None)
21.2800 	EXP 	Created AM_image_1 = ImageStim(__class__=<class 'psychopy.visual.image.ImageStim'>, autoLog=True, color=array([1., 1., 1.]), colorSpace='rgb', contrast=1.0, depth=-2.0, flipHoriz=False, flipVert=False, image='sin', interpolate=False, mask=None, maskParams=None, name='AM_image_1', opacity=1.0, ori=0.0, pos=array([0.  , 0.16]), size=array([0.5, 0.5]), texRes=128, units='height', win=Window(...))
21.2811 	EXP 	Created AM_imgae_2 = ImageStim(__class__=<class 'psychopy.visual.image.ImageStim'>, autoLog=True, color=array([1., 1., 1.]), colorSpace='rgb', contrast=1.0, depth=-3.0, flipHoriz=False, flipVert=False, image='sin', interpolate=False, mask=None, maskParams=None, name='AM_imgae_2', opacity=1.0, ori=0.0, pos=array([ 0.  , -0.16]), size=array([0.5, 0.5]), texRes=128, units='height', win=Window(...))
21.2816 	EXP 	Created BlankTest = TextStim(__class__=<class 'psychopy.visual.text.TextStim'>, alignHoriz=method-wrapper(...), alignText='center', alignVert=method-wrapper(...), anchorHoriz='center', anchorVert='center', antialias=True, autoLog=True, bold=False, color='white', colorSpace='named', contrast=1.0, depth=0.0, flipHoriz=False, flipVert=False, font='Arial', fontFiles=[], height=0.1, italic=False, languageStyle='LTR', name='BlankTest', opacity=1.0, ori=0, pos=array([0., 0.]), rgb=array([255., 255., 255.]), text='', units='height', win=Window(...), wrapWidth=1)
21.2823 	EXP 	Created Fixation3 = ShapeStim(__class__=<class 'psychopy.visual.shape.ShapeStim'>, autoDraw=False, autoLog=True, closeShape=True, contrast=1.0, depth=-1.0, fillColor='black', fillColorSpace='named', interpolate=True, lineColor='black', lineColorSpace='named', lineWidth=1, name='Fixation3', opacity=1.0, ori=array(0.), pos=array([0., 0.]), size=array([0.1, 0.1]), units='height', vertices=ndarray(...), win=Window(...), windingRule=None)
21.2834 	EXP 	Created CF_image_1 = ImageStim(__class__=<class 'psychopy.visual.image.ImageStim'>, autoLog=True, color=array([1., 1., 1.]), colorSpace='rgb', contrast=1.0, depth=-2.0, flipHoriz=False, flipVert=False, image='sin', interpolate=False, mask=None, maskParams=None, name='CF_image_1', opacity=1.0, ori=0.0, pos=array([0.  , 0.16]), size=array([0.5, 0.5]), texRes=128, units='height', win=Window(...))
21.2844 	EXP 	Created CF_image_2 = ImageStim(__class__=<class 'psychopy.visual.image.ImageStim'>, autoLog=True, color=array([1., 1., 1.]), colorSpace='rgb', contrast=1.0, depth=-3.0, flipHoriz=False, flipVert=False, image='sin', interpolate=False, mask=None, maskParams=None, name='CF_image_2', opacity=1.0, ori=0.0, pos=array([ 0.  , -0.16]), size=array([0.5, 0.5]), texRes=128, units='height', win=Window(...))
21.2849 	EXP 	Created BlankTest = TextStim(__class__=<class 'psychopy.visual.text.TextStim'>, alignHoriz=method-wrapper(...), alignText='center', alignVert=method-wrapper(...), anchorHoriz='center', anchorVert='center', antialias=True, autoLog=True, bold=False, color='white', colorSpace='named', contrast=1.0, depth=0.0, flipHoriz=False, flipVert=False, font='Arial', fontFiles=[], height=0.1, italic=False, languageStyle='LTR', name='BlankTest', opacity=1.0, ori=0, pos=array([0., 0.]), rgb=array([255., 255., 255.]), text='', units='height', win=Window(...), wrapWidth=1)
21.2856 	EXP 	Created Fixation4 = ShapeStim(__class__=<class 'psychopy.visual.shape.ShapeStim'>, autoDraw=False, autoLog=True, closeShape=True, contrast=1.0, depth=-1.0, fillColor='black', fillColorSpace='named', interpolate=True, lineColor='black', lineColorSpace='named', lineWidth=1, name='Fixation4', opacity=1.0, ori=array(0.), pos=array([0., 0.]), size=array([0.1, 0.1]), units='height', vertices=ndarray(...), win=Window(...), windingRule=None)
21.2867 	EXP 	Created CM_image_1 = ImageStim(__class__=<class 'psychopy.visual.image.ImageStim'>, autoLog=True, color=array([1., 1., 1.]), colorSpace='rgb', contrast=1.0, depth=-2.0, flipHoriz=False, flipVert=False, image='sin', interpolate=False, mask=None, maskParams=None, name='CM_image_1', opacity=1.0, ori=0.0, pos=array([0.  , 0.16]), size=array([0.5, 0.5]), texRes=128, units='height', win=Window(...))
21.2878 	EXP 	Created CM_image_2 = ImageStim(__class__=<class 'psychopy.visual.image.ImageStim'>, autoLog=True, color=array([1., 1., 1.]), colorSpace='rgb', contrast=1.0, depth=-3.0, flipHoriz=False, flipVert=False, image='sin', interpolate=False, mask=None, maskParams=None, name='CM_image_2', opacity=1.0, ori=0.0, pos=array([ 0.  , -0.16]), size=array([0.5, 0.5]), texRes=128, units='height', win=Window(...))
21.2882 	EXP 	Created BlankTest = TextStim(__class__=<class 'psychopy.visual.text.TextStim'>, alignHoriz=method-wrapper(...), alignText='center', alignVert=method-wrapper(...), anchorHoriz='center', anchorVert='center', antialias=True, autoLog=True, bold=False, color='white', colorSpace='named', contrast=1.0, depth=0.0, flipHoriz=False, flipVert=False, font='Arial', fontFiles=[], height=0.1, italic=False, languageStyle='LTR', name='BlankTest', opacity=1.0, ori=0, pos=array([0., 0.]), rgb=array([255., 255., 255.]), text='', units='height', win=Window(...), wrapWidth=1)
21.2939 	EXP 	Created text = TextStim(__class__=<class 'psychopy.visual.text.TextStim'>, alignHoriz=method-wrapper(...), alignText='center', alignVert=method-wrapper(...), anchorHoriz='center', anchorVert='center', antialias=True, autoLog=True, bold=False, color='black', colorSpace='named', contrast=1.0, depth=0.0, flipHoriz=False, flipVert=False, font='Arial', fontFiles=[], height=0.1, italic=False, languageStyle='LTR', name='text', opacity=1.0, ori=0, pos=array([0., 0.]), rgb=array([0., 0., 0.]), text='Thank you!', units='height', win=Window(...), wrapWidth=1)
21.3161 	WARNING 	t of last frame was 3099.75ms (=1/0)
21.3161 	EXP 	InstrText: autoDraw = True
25.6416 	EXP 	Imported Prac_Order.xlsx as conditions, 4 conditions, 2 params
25.6419 	EXP 	Created sequence: random, trialTypes=4, nReps=1, seed=None
25.6422 	EXP 	New trial (rep=0, index=0): OrderedDict([('UImage', 'materials/Asian/Male/L_A_M_02_270.png'), ('LImage', 'materials/Asian/Male/S_A_M_02_250.png')])
25.7346 	DATA 	Keypress: space
25.7501 	WARNING 	t of last frame was 117.31ms (=1/8)
25.7501 	EXP 	InstrText: autoDraw = False
25.7501 	EXP 	Upper_image: size = array([0.17361111, 0.17361111])
25.7501 	EXP 	Upper_image: image = 'materials/Asian/Male/L_A_M_02_270.png'
25.7501 	EXP 	Lower_image: size = array([0.17361111, 0.17361111])
25.7501 	EXP 	Lower_image: image = 'materials/Asian/Male/S_A_M_02_250.png'
25.7501 	EXP 	Fixation0: autoDraw = True
26.2169 	EXP 	Upper_image: autoDraw = True
26.2169 	EXP 	Lower_image: autoDraw = True
26.2502 	EXP 	Fixation0: autoDraw = False
27.4181 	DATA 	Mouse: Left button down, pos=(1275,916)
27.4338 	EXP 	Fixation0: autoDraw = False
27.4338 	EXP 	Upper_image: autoDraw = False
27.4338 	EXP 	Lower_image: autoDraw = False
27.4338 	EXP 	BlankTest: autoDraw = True
27.5352 	DATA 	Mouse:  Left button up, pos=(1275,916)
27.9181 	EXP 	New trial (rep=0, index=1): OrderedDict([('UImage', 'materials/Caucasian/Female/S_C_F_05_250.png'), ('LImage', 'materials/Caucasian/Female/L_C_F_05_270.png')])
27.9343 	EXP 	BlankTest: autoDraw = False
27.9343 	EXP 	BlankTest: autoDraw = False
27.9343 	EXP 	Upper_image: size = array([0.17361111, 0.17361111])
27.9343 	EXP 	Upper_image: image = 'materials/Caucasian/Female/S_C_F_05_250.png'
27.9343 	EXP 	Lower_image: size = array([0.17361111, 0.17361111])
27.9343 	EXP 	Lower_image: image = 'materials/Caucasian/Female/L_C_F_05_270.png'
27.9343 	EXP 	Fixation0: autoDraw = True
28.4338 	EXP 	Fixation0: autoDraw = False
28.4338 	EXP 	Upper_image: autoDraw = True
28.4338 	EXP 	Lower_image: autoDraw = True
29.4682 	DATA 	Mouse: Left button down, pos=(1278,871)
29.4838 	EXP 	Fixation0: autoDraw = False
29.4838 	EXP 	Upper_image: autoDraw = False
29.4838 	EXP 	Lower_image: autoDraw = False
29.4838 	EXP 	BlankTest: autoDraw = True
29.5685 	DATA 	Mouse:  Left button up, pos=(1278,871)
29.9680 	EXP 	New trial (rep=0, index=2): OrderedDict([('UImage', 'materials/Asian/Female/S_A_F_01_250.png'), ('LImage', 'materials/Asian/Female/S_A_F_01_250.png')])
29.9847 	EXP 	BlankTest: autoDraw = False
29.9847 	EXP 	BlankTest: autoDraw = False
29.9847 	EXP 	Upper_image: size = array([0.17361111, 0.17361111])
29.9847 	EXP 	Upper_image: image = 'materials/Asian/Female/S_A_F_01_250.png'
29.9847 	EXP 	Lower_image: size = array([0.17361111, 0.17361111])
29.9847 	EXP 	Lower_image: image = 'materials/Asian/Female/S_A_F_01_250.png'
29.9847 	EXP 	Fixation0: autoDraw = True
30.4838 	EXP 	Upper_image: autoDraw = True
30.4838 	EXP 	Lower_image: autoDraw = True
30.5005 	EXP 	Fixation0: autoDraw = False
31.8183 	DATA 	Mouse: Left button down, pos=(1282,615)
31.8845 	DATA 	Mouse:  Left button up, pos=(1282,615)
32.6681 	DATA 	Mouse: Left button down, pos=(1294,549)
32.6833 	EXP 	Fixation0: autoDraw = False
32.6833 	EXP 	Upper_image: autoDraw = False
32.6833 	EXP 	Lower_image: autoDraw = False
32.6833 	EXP 	BlankTest: autoDraw = True
32.7687 	DATA 	Mouse:  Left button up, pos=(1294,549)
33.1681 	EXP 	New trial (rep=0, index=3): OrderedDict([('UImage', 'materials/Caucasian/Male/S_C_M_07_250.png'), ('LImage', 'materials/Caucasian/Male/S_C_M_07_250.png')])
33.1844 	EXP 	BlankTest: autoDraw = False
33.1844 	EXP 	BlankTest: autoDraw = False
33.1844 	EXP 	Upper_image: size = array([0.17361111, 0.17361111])
33.1844 	EXP 	Upper_image: image = 'materials/Caucasian/Male/S_C_M_07_250.png'
33.1844 	EXP 	Lower_image: size = array([0.17361111, 0.17361111])
33.1844 	EXP 	Lower_image: image = 'materials/Caucasian/Male/S_C_M_07_250.png'
33.1844 	EXP 	Fixation0: autoDraw = True
33.6839 	EXP 	Fixation0: autoDraw = False
33.6839 	EXP 	Upper_image: autoDraw = True
33.6839 	EXP 	Lower_image: autoDraw = True
34.9849 	DATA 	Mouse: Left button down, pos=(1303,481)
35.0008 	EXP 	Fixation0: autoDraw = False
35.0008 	EXP 	Upper_image: autoDraw = False
35.0008 	EXP 	Lower_image: autoDraw = False
35.0008 	EXP 	BlankTest: autoDraw = True
35.1191 	DATA 	Mouse:  Left button up, pos=(1303,481)
35.5008 	EXP 	BlankTest: autoDraw = False
35.5008 	EXP 	BlankTest: autoDraw = False
35.5008 	EXP 	BreakText: autoDraw = True
37.0557 	EXP 	Imported BlockOrder.xlsx as conditions, 4 conditions, 4 params
37.0560 	EXP 	Created sequence: random, trialTypes=4, nReps=1, seed=None
37.0563 	EXP 	New trial (rep=0, index=0): OrderedDict([('AF_rep', 0), ('AM_rep', 0), ('CF_rep', 0), ('CM_rep', 1)])
37.0616 	EXP 	Imported conditionList/AF_list1.xlsx as conditions, 14 conditions, 3 params
37.0618 	EXP 	Created sequence: random, trialTypes=14, nReps=0, seed=None
37.0669 	EXP 	Imported conditionList/AM_list1.xlsx as conditions, 14 conditions, 3 params
37.0671 	EXP 	Created sequence: random, trialTypes=14, nReps=0, seed=None
37.0719 	EXP 	Imported conditionList/CF_list5.xlsx as conditions, 14 conditions, 3 params
37.0721 	EXP 	Created sequence: random, trialTypes=14, nReps=0, seed=None
37.0770 	EXP 	Imported conditionList/CM_list5.xlsx as conditions, 14 conditions, 3 params
37.0773 	EXP 	Created sequence: random, trialTypes=14, nReps=1, seed=None
37.0776 	EXP 	New trial (rep=0, index=0): OrderedDict([('Upper_Image', 'materials/Caucasian/Male/S_C_M_01_250.png'), ('Lower_Image', 'materials/Caucasian/Male/S_C_M_01_250.png'), ('TrailType', 'S')])
37.0926 	DATA 	Keypress: space
37.0994 	WARNING 	t of last frame was 49.08ms (=1/20)
37.0994 	EXP 	BreakText: autoDraw = False
37.0994 	EXP 	CM_image_1: size = array([0.17361111, 0.17361111])
37.0994 	EXP 	CM_image_1: image = 'materials/Caucasian/Male/S_C_M_01_250.png'
37.0994 	EXP 	CM_image_2: size = array([0.17361111, 0.17361111])
37.0994 	EXP 	CM_image_2: image = 'materials/Caucasian/Male/S_C_M_01_250.png'
37.0994 	EXP 	Fixation4: autoDraw = True
37.5842 	EXP 	CM_image_1: autoDraw = True
37.5842 	EXP 	CM_image_2: autoDraw = True
37.6009 	EXP 	Fixation4: autoDraw = False
39.7687 	DATA 	Mouse: Left button down, pos=(1280,879)
39.7693 	DATA 	Mouse:  Left button up, pos=(1280,879)
40.2690 	DATA 	Mouse: Left button down, pos=(1280,879)
40.2841 	EXP 	Fixation4: autoDraw = False
40.2841 	EXP 	CM_image_1: autoDraw = False
40.2841 	EXP 	CM_image_2: autoDraw = False
40.2841 	EXP 	BlankTest: autoDraw = True
40.3692 	DATA 	Mouse:  Left button up, pos=(1280,879)
40.7688 	EXP 	New trial (rep=0, index=1): OrderedDict([('Upper_Image', 'materials/Caucasian/Male/S_C_M_03_250.png'), ('Lower_Image', 'materials/Caucasian/Male/S_C_M_03_250.png'), ('TrailType', 'S')])
40.7851 	EXP 	BlankTest: autoDraw = False
40.7851 	EXP 	BlankTest: autoDraw = False
40.7851 	EXP 	CM_image_1: size = array([0.17361111, 0.17361111])
40.7851 	EXP 	CM_image_1: image = 'materials/Caucasian/Male/S_C_M_03_250.png'
40.7851 	EXP 	CM_image_2: size = array([0.17361111, 0.17361111])
40.7851 	EXP 	CM_image_2: image = 'materials/Caucasian/Male/S_C_M_03_250.png'
40.7851 	EXP 	Fixation4: autoDraw = True
41.2843 	EXP 	Fixation4: autoDraw = False
41.2843 	EXP 	CM_image_1: autoDraw = True
41.2843 	EXP 	CM_image_2: autoDraw = True
42.4353 	DATA 	Mouse: Left button down, pos=(1307,422)
42.4509 	EXP 	Fixation4: autoDraw = False
42.4509 	EXP 	CM_image_1: autoDraw = False
42.4509 	EXP 	CM_image_2: autoDraw = False
42.4509 	EXP 	BlankTest: autoDraw = True
42.5525 	DATA 	Mouse:  Left button up, pos=(1307,422)
42.9354 	EXP 	New trial (rep=0, index=2): OrderedDict([('Upper_Image', 'materials/Caucasian/Male/S_C_M_08_250.png'), ('Lower_Image', 'materials/Caucasian/Male/L_C_M_08_270.png'), ('TrailType', 'DLD')])
42.9517 	EXP 	BlankTest: autoDraw = False
42.9517 	EXP 	BlankTest: autoDraw = False
42.9517 	EXP 	CM_image_1: size = array([0.17361111, 0.17361111])
42.9517 	EXP 	CM_image_1: image = 'materials/Caucasian/Male/S_C_M_08_250.png'
42.9517 	EXP 	CM_image_2: size = array([0.17361111, 0.17361111])
42.9517 	EXP 	CM_image_2: image = 'materials/Caucasian/Male/L_C_M_08_270.png'
42.9517 	EXP 	Fixation4: autoDraw = True
43.4509 	EXP 	Fixation4: autoDraw = False
43.4509 	EXP 	CM_image_1: autoDraw = True
43.4509 	EXP 	CM_image_2: autoDraw = True
44.6359 	DATA 	Mouse: Left button down, pos=(1290,949)
44.6510 	EXP 	Fixation4: autoDraw = False
44.6510 	EXP 	CM_image_1: autoDraw = False
44.6510 	EXP 	CM_image_2: autoDraw = False
44.6510 	EXP 	BlankTest: autoDraw = True
44.7361 	DATA 	Mouse:  Left button up, pos=(1290,949)
45.1352 	EXP 	New trial (rep=0, index=3): OrderedDict([('Upper_Image', 'materials/Caucasian/Male/S_C_M_07_250.png'), ('Lower_Image', 'materials/Caucasian/Male/S_C_M_07_250.png'), ('TrailType', 'S')])
45.1516 	EXP 	BlankTest: autoDraw = False
45.1516 	EXP 	BlankTest: autoDraw = False
45.1516 	EXP 	CM_image_1: size = array([0.17361111, 0.17361111])
45.1516 	EXP 	CM_image_1: image = 'materials/Caucasian/Male/S_C_M_07_250.png'
45.1516 	EXP 	CM_image_2: size = array([0.17361111, 0.17361111])
45.1516 	EXP 	CM_image_2: image = 'materials/Caucasian/Male/S_C_M_07_250.png'
45.1516 	EXP 	Fixation4: autoDraw = True
45.6510 	EXP 	Fixation4: autoDraw = False
45.6510 	EXP 	CM_image_1: autoDraw = True
45.6510 	EXP 	CM_image_2: autoDraw = True
46.7191 	DATA 	Mouse: Left button down, pos=(1314,500)
46.7342 	EXP 	Fixation4: autoDraw = False
46.7342 	EXP 	CM_image_1: autoDraw = False
46.7342 	EXP 	CM_image_2: autoDraw = False
46.7342 	EXP 	BlankTest: autoDraw = True
46.8695 	DATA 	Mouse:  Left button up, pos=(1314,500)
47.2190 	EXP 	New trial (rep=0, index=4): OrderedDict([('Upper_Image', 'materials/Caucasian/Male/S_C_M_04_250.png'), ('Lower_Image', 'materials/Caucasian/Male/S_C_M_04_250.png'), ('TrailType', 'S')])
47.2338 	EXP 	BlankTest: autoDraw = False
47.2338 	EXP 	BlankTest: autoDraw = False
47.2338 	EXP 	CM_image_1: size = array([0.17361111, 0.17361111])
47.2338 	EXP 	CM_image_1: image = 'materials/Caucasian/Male/S_C_M_04_250.png'
47.2338 	EXP 	CM_image_2: size = array([0.17361111, 0.17361111])
47.2338 	EXP 	CM_image_2: image = 'materials/Caucasian/Male/S_C_M_04_250.png'
47.2338 	EXP 	Fixation4: autoDraw = True
47.7347 	EXP 	Fixation4: autoDraw = False
47.7347 	EXP 	CM_image_1: autoDraw = True
47.7347 	EXP 	CM_image_2: autoDraw = True
49.5690 	DATA 	Mouse: Left button down, pos=(1287,894)
49.5846 	EXP 	Fixation4: autoDraw = False
49.5846 	EXP 	CM_image_1: autoDraw = False
49.5846 	EXP 	CM_image_2: autoDraw = False
49.5846 	EXP 	BlankTest: autoDraw = True
49.6363 	DATA 	Mouse:  Left button up, pos=(1287,894)
50.0689 	EXP 	New trial (rep=0, index=5): OrderedDict([('Upper_Image', 'materials/Caucasian/Male/S_C_M_06_250.png'), ('Lower_Image', 'materials/Caucasian/Male/S_C_M_06_250.png'), ('TrailType', 'S')])
50.0838 	EXP 	BlankTest: autoDraw = False
50.0838 	EXP 	BlankTest: autoDraw = False
50.0838 	EXP 	CM_image_1: size = array([0.17361111, 0.17361111])
50.0838 	EXP 	CM_image_1: image = 'materials/Caucasian/Male/S_C_M_06_250.png'
50.0838 	EXP 	CM_image_2: size = array([0.17361111, 0.17361111])
50.0838 	EXP 	CM_image_2: image = 'materials/Caucasian/Male/S_C_M_06_250.png'
50.0838 	EXP 	Fixation4: autoDraw = True
50.5845 	EXP 	Fixation4: autoDraw = False
50.5845 	EXP 	CM_image_1: autoDraw = True
50.5845 	EXP 	CM_image_2: autoDraw = True
51.4692 	DATA 	Mouse: Left button down, pos=(1345,465)
51.4846 	EXP 	Fixation4: autoDraw = False
51.4846 	EXP 	CM_image_1: autoDraw = False
51.4846 	EXP 	CM_image_2: autoDraw = False
51.4846 	EXP 	BlankTest: autoDraw = True
51.5554 	DATA 	Mouse:  Left button up, pos=(1345,465)
51.9691 	EXP 	New trial (rep=0, index=6): OrderedDict([('Upper_Image', 'materials/Caucasian/Male/S_C_M_10_250.png'), ('Lower_Image', 'materials/Caucasian/Male/S_C_M_10_250.png'), ('TrailType', 'S')])
51.9851 	EXP 	BlankTest: autoDraw = False
51.9851 	EXP 	BlankTest: autoDraw = False
51.9851 	EXP 	CM_image_1: size = array([0.17361111, 0.17361111])
51.9851 	EXP 	CM_image_1: image = 'materials/Caucasian/Male/S_C_M_10_250.png'
51.9851 	EXP 	CM_image_2: size = array([0.17361111, 0.17361111])
51.9851 	EXP 	CM_image_2: image = 'materials/Caucasian/Male/S_C_M_10_250.png'
51.9851 	EXP 	Fixation4: autoDraw = True
52.4849 	EXP 	Fixation4: autoDraw = False
52.4849 	EXP 	CM_image_1: autoDraw = True
52.4849 	EXP 	CM_image_2: autoDraw = True
54.2854 	DATA 	Mouse: Left button down, pos=(1285,937)
54.3014 	EXP 	Fixation4: autoDraw = False
54.3014 	EXP 	CM_image_1: autoDraw = False
54.3014 	EXP 	CM_image_2: autoDraw = False
54.3014 	EXP 	BlankTest: autoDraw = True
54.3528 	DATA 	Mouse:  Left button up, pos=(1285,937)
54.7858 	EXP 	New trial (rep=0, index=7): OrderedDict([('Upper_Image', 'materials/Caucasian/Male/S_C_M_08_250.png'), ('Lower_Image', 'materials/Caucasian/Male/S_C_M_08_250.png'), ('TrailType', 'S')])
54.8017 	EXP 	BlankTest: autoDraw = False
54.8017 	EXP 	BlankTest: autoDraw = False
54.8017 	EXP 	CM_image_1: size = array([0.17361111, 0.17361111])
54.8017 	EXP 	CM_image_1: image = 'materials/Caucasian/Male/S_C_M_08_250.png'
54.8017 	EXP 	CM_image_2: size = array([0.17361111, 0.17361111])
54.8017 	EXP 	CM_image_2: image = 'materials/Caucasian/Male/S_C_M_08_250.png'
54.8017 	EXP 	Fixation4: autoDraw = True
55.3016 	EXP 	Fixation4: autoDraw = False
55.3016 	EXP 	CM_image_1: autoDraw = True
55.3016 	EXP 	CM_image_2: autoDraw = True
56.2193 	DATA 	Mouse: Left button down, pos=(1279,479)
56.2349 	EXP 	Fixation4: autoDraw = False
56.2349 	EXP 	CM_image_1: autoDraw = False
56.2349 	EXP 	CM_image_2: autoDraw = False
56.2349 	EXP 	BlankTest: autoDraw = True
56.3196 	DATA 	Mouse:  Left button up, pos=(1279,479)
56.7191 	EXP 	New trial (rep=0, index=8): OrderedDict([('Upper_Image', 'materials/Caucasian/Male/L_C_M_10_270.png'), ('Lower_Image', 'materials/Caucasian/Male/S_C_M_10_250.png'), ('TrailType', 'DLU')])
56.7357 	EXP 	BlankTest: autoDraw = False
56.7357 	EXP 	BlankTest: autoDraw = False
56.7357 	EXP 	CM_image_1: size = array([0.17361111, 0.17361111])
56.7357 	EXP 	CM_image_1: image = 'materials/Caucasian/Male/L_C_M_10_270.png'
56.7357 	EXP 	CM_image_2: size = array([0.17361111, 0.17361111])
56.7357 	EXP 	CM_image_2: image = 'materials/Caucasian/Male/S_C_M_10_250.png'
56.7357 	EXP 	Fixation4: autoDraw = True
57.2347 	EXP 	Fixation4: autoDraw = False
57.2347 	EXP 	CM_image_1: autoDraw = True
57.2347 	EXP 	CM_image_2: autoDraw = True
57.7526 	DATA 	Mouse: Left button down, pos=(1280,970)
57.7681 	EXP 	Fixation4: autoDraw = False
57.7681 	EXP 	CM_image_1: autoDraw = False
57.7681 	EXP 	CM_image_2: autoDraw = False
57.7681 	EXP 	BlankTest: autoDraw = True
57.8365 	DATA 	Mouse:  Left button up, pos=(1280,970)
58.2527 	EXP 	New trial (rep=0, index=9): OrderedDict([('Upper_Image', 'materials/Caucasian/Male/S_C_M_02_250.png'), ('Lower_Image', 'materials/Caucasian/Male/S_C_M_02_250.png'), ('TrailType', 'S')])
58.2674 	EXP 	BlankTest: autoDraw = False
58.2674 	EXP 	BlankTest: autoDraw = False
58.2674 	EXP 	CM_image_1: size = array([0.17361111, 0.17361111])
58.2674 	EXP 	CM_image_1: image = 'materials/Caucasian/Male/S_C_M_02_250.png'
58.2674 	EXP 	CM_image_2: size = array([0.17361111, 0.17361111])
58.2674 	EXP 	CM_image_2: image = 'materials/Caucasian/Male/S_C_M_02_250.png'
58.2674 	EXP 	Fixation4: autoDraw = True
58.7685 	EXP 	Fixation4: autoDraw = False
58.7685 	EXP 	CM_image_1: autoDraw = True
58.7685 	EXP 	CM_image_2: autoDraw = True
59.5528 	DATA 	Mouse: Left button down, pos=(1245,495)
59.5686 	EXP 	Fixation4: autoDraw = False
59.5686 	EXP 	CM_image_1: autoDraw = False
59.5686 	EXP 	CM_image_2: autoDraw = False
59.5686 	EXP 	BlankTest: autoDraw = True
59.6201 	DATA 	Mouse:  Left button up, pos=(1245,495)
60.0529 	EXP 	New trial (rep=0, index=10): OrderedDict([('Upper_Image', 'materials/Caucasian/Male/S_C_M_09_250.png'), ('Lower_Image', 'materials/Caucasian/Male/S_C_M_09_250.png'), ('TrailType', 'S')])
60.0695 	EXP 	BlankTest: autoDraw = False
60.0695 	EXP 	BlankTest: autoDraw = False
60.0695 	EXP 	CM_image_1: size = array([0.17361111, 0.17361111])
60.0695 	EXP 	CM_image_1: image = 'materials/Caucasian/Male/S_C_M_09_250.png'
60.0695 	EXP 	CM_image_2: size = array([0.17361111, 0.17361111])
60.0695 	EXP 	CM_image_2: image = 'materials/Caucasian/Male/S_C_M_09_250.png'
60.0695 	EXP 	Fixation4: autoDraw = True
60.5680 	EXP 	Fixation4: autoDraw = False
60.5680 	EXP 	CM_image_1: autoDraw = True
60.5680 	EXP 	CM_image_2: autoDraw = True
61.3362 	DATA 	Mouse: Left button down, pos=(1292,472)
61.3518 	EXP 	Fixation4: autoDraw = False
61.3518 	EXP 	CM_image_1: autoDraw = False
61.3518 	EXP 	CM_image_2: autoDraw = False
61.3518 	EXP 	BlankTest: autoDraw = True
61.4367 	DATA 	Mouse:  Left button up, pos=(1292,472)
61.8365 	EXP 	New trial (rep=0, index=11): OrderedDict([('Upper_Image', 'materials/Caucasian/Male/L_C_M_04_270.png'), ('Lower_Image', 'materials/Caucasian/Male/S_C_M_04_250.png'), ('TrailType', 'DLU')])
61.8529 	EXP 	BlankTest: autoDraw = False
61.8529 	EXP 	BlankTest: autoDraw = False
61.8529 	EXP 	CM_image_1: size = array([0.17361111, 0.17361111])
61.8529 	EXP 	CM_image_1: image = 'materials/Caucasian/Male/L_C_M_04_270.png'
61.8529 	EXP 	CM_image_2: size = array([0.17361111, 0.17361111])
61.8529 	EXP 	CM_image_2: image = 'materials/Caucasian/Male/S_C_M_04_250.png'
61.8529 	EXP 	Fixation4: autoDraw = True
62.3520 	EXP 	Fixation4: autoDraw = False
62.3520 	EXP 	CM_image_1: autoDraw = True
62.3520 	EXP 	CM_image_2: autoDraw = True
63.9530 	DATA 	Mouse: Left button down, pos=(1287,925)
63.9535 	DATA 	Mouse:  Left button up, pos=(1287,925)
64.3366 	DATA 	Mouse: Left button down, pos=(1287,925)
64.3521 	EXP 	Fixation4: autoDraw = False
64.3521 	EXP 	CM_image_1: autoDraw = False
64.3521 	EXP 	CM_image_2: autoDraw = False
64.3521 	EXP 	BlankTest: autoDraw = True
64.4370 	DATA 	Mouse:  Left button up, pos=(1287,925)
64.8388 	EXP 	New trial (rep=0, index=12): OrderedDict([('Upper_Image', 'materials/Caucasian/Male/S_C_M_06_250.png'), ('Lower_Image', 'materials/Caucasian/Male/L_C_M_06_270.png'), ('TrailType', 'DLD')])
64.8689 	WARNING 	t of last frame was 31.15ms (=1/32)
64.8689 	EXP 	BlankTest: autoDraw = False
64.8689 	EXP 	BlankTest: autoDraw = False
64.8689 	EXP 	CM_image_1: size = array([0.17361111, 0.17361111])
64.8689 	EXP 	CM_image_1: image = 'materials/Caucasian/Male/S_C_M_06_250.png'
64.8689 	EXP 	CM_image_2: size = array([0.17361111, 0.17361111])
64.8689 	EXP 	CM_image_2: image = 'materials/Caucasian/Male/L_C_M_06_270.png'
64.8689 	EXP 	Fixation4: autoDraw = True
65.3521 	EXP 	CM_image_1: autoDraw = True
65.3521 	EXP 	CM_image_2: autoDraw = True
65.3688 	EXP 	Fixation4: autoDraw = False
66.0200 	DATA 	Mouse: Left button down, pos=(1290,529)
66.0357 	EXP 	Fixation4: autoDraw = False
66.0357 	EXP 	CM_image_1: autoDraw = False
66.0357 	EXP 	CM_image_2: autoDraw = False
66.0357 	EXP 	BlankTest: autoDraw = True
66.0873 	DATA 	Mouse:  Left button up, pos=(1290,529)
66.5199 	EXP 	New trial (rep=0, index=13): OrderedDict([('Upper_Image', 'materials/Caucasian/Male/S_C_M_05_250.png'), ('Lower_Image', 'materials/Caucasian/Male/S_C_M_05_250.png'), ('TrailType', 'S')])
66.5363 	EXP 	BlankTest: autoDraw = False
66.5363 	EXP 	BlankTest: autoDraw = False
66.5363 	EXP 	CM_image_1: size = array([0.17361111, 0.17361111])
66.5363 	EXP 	CM_image_1: image = 'materials/Caucasian/Male/S_C_M_05_250.png'
66.5363 	EXP 	CM_image_2: size = array([0.17361111, 0.17361111])
66.5363 	EXP 	CM_image_2: image = 'materials/Caucasian/Male/S_C_M_05_250.png'
66.5363 	EXP 	Fixation4: autoDraw = True
67.0358 	EXP 	Fixation4: autoDraw = False
67.0358 	EXP 	CM_image_1: autoDraw = True
67.0358 	EXP 	CM_image_2: autoDraw = True
68.7201 	DATA 	Mouse: Left button down, pos=(1282,419)
68.7359 	EXP 	Fixation4: autoDraw = False
68.7359 	EXP 	CM_image_1: autoDraw = False
68.7359 	EXP 	CM_image_2: autoDraw = False
68.7359 	EXP 	BlankTest: autoDraw = True
68.8206 	DATA 	Mouse:  Left button up, pos=(1282,419)
69.2201 	EXP 	New trial (rep=0, index=1): OrderedDict([('AF_rep', 0), ('AM_rep', 1), ('CF_rep', 0), ('CM_rep', 0)])
69.2266 	EXP 	Imported conditionList/AF_list1.xlsx as conditions, 14 conditions, 3 params
69.2268 	EXP 	Created sequence: random, trialTypes=14, nReps=0, seed=None
69.2319 	EXP 	Imported conditionList/AM_list1.xlsx as conditions, 14 conditions, 3 params
69.2322 	EXP 	Created sequence: random, trialTypes=14, nReps=1, seed=None
69.2325 	EXP 	New trial (rep=0, index=0): OrderedDict([('Upper_Image', 'materials/Asian/Male/L_A_M_06_270.png'), ('Lower_Image', 'materials/Asian/Male/S_A_M_06_250.png'), ('TrialType', 'DLU')])
69.2524 	WARNING 	Multiple dropped frames have occurred - I'll stop bothering you about them!
69.2524 	EXP 	BlankTest: autoDraw = False
69.2524 	EXP 	BlankTest: autoDraw = False
69.2524 	EXP 	AM_image_1: size = array([0.17361111, 0.17361111])
69.2524 	EXP 	AM_image_1: image = 'materials/Asian/Male/L_A_M_06_270.png'
69.2524 	EXP 	AM_imgae_2: size = array([0.17361111, 0.17361111])
69.2524 	EXP 	AM_imgae_2: image = 'materials/Asian/Male/S_A_M_06_250.png'
69.2524 	EXP 	Fixation2: autoDraw = True
69.7359 	EXP 	AM_image_1: autoDraw = True
69.7359 	EXP 	AM_imgae_2: autoDraw = True
69.7523 	EXP 	Fixation2: autoDraw = False
71.0370 	DATA 	Mouse: Left button down, pos=(1284,881)
71.1207 	DATA 	Mouse:  Left button up, pos=(1284,881)
72.0207 	DATA 	Mouse: Left button down, pos=(1283,926)
72.1206 	DATA 	Mouse:  Left button up, pos=(1283,926)
72.7359 	EXP 	AM_image_1: autoDraw = False
72.7359 	EXP 	AM_imgae_2: autoDraw = False
72.7359 	EXP 	Fixation2: autoDraw = False
72.7359 	EXP 	AM_image_1: autoDraw = False
72.7359 	EXP 	AM_imgae_2: autoDraw = False
72.7359 	EXP 	BlankTest: autoDraw = True
72.8543 	DATA 	Mouse: Left button down, pos=(1292,976)
72.9709 	DATA 	Mouse:  Left button up, pos=(1292,976)
73.2203 	EXP 	New trial (rep=0, index=1): OrderedDict([('Upper_Image', 'materials/Asian/Male/S_A_M_07_250.png'), ('Lower_Image', 'materials/Asian/Male/S_A_M_07_250.png'), ('TrialType', 'S')])
73.2364 	EXP 	BlankTest: autoDraw = False
73.2364 	EXP 	BlankTest: autoDraw = False
73.2364 	EXP 	AM_image_1: size = array([0.17361111, 0.17361111])
73.2364 	EXP 	AM_image_1: image = 'materials/Asian/Male/S_A_M_07_250.png'
73.2364 	EXP 	AM_imgae_2: size = array([0.17361111, 0.17361111])
73.2364 	EXP 	AM_imgae_2: image = 'materials/Asian/Male/S_A_M_07_250.png'
73.2364 	EXP 	Fixation2: autoDraw = True
73.7359 	EXP 	Fixation2: autoDraw = False
73.7359 	EXP 	AM_image_1: autoDraw = True
73.7359 	EXP 	AM_imgae_2: autoDraw = True
75.0208 	DATA 	Mouse: Left button down, pos=(1291,1057)
75.1208 	DATA 	Mouse:  Left button up, pos=(1291,1057)
75.6209 	DATA 	Mouse: Left button down, pos=(1279,961)
75.7544 	DATA 	Mouse:  Left button up, pos=(1279,961)
76.2876 	DATA 	Mouse: Left button down, pos=(1272,899)
76.4209 	DATA 	Mouse:  Left button up, pos=(1272,899)
76.7360 	EXP 	AM_image_1: autoDraw = False
76.7360 	EXP 	AM_imgae_2: autoDraw = False
76.7360 	EXP 	Fixation2: autoDraw = False
76.7360 	EXP 	AM_image_1: autoDraw = False
76.7360 	EXP 	AM_imgae_2: autoDraw = False
76.7360 	EXP 	BlankTest: autoDraw = True
77.2204 	EXP 	New trial (rep=0, index=2): OrderedDict([('Upper_Image', 'materials/Asian/Male/S_A_M_09_250.png'), ('Lower_Image', 'materials/Asian/Male/L_A_M_09_270.png'), ('TrialType', 'DLD')])
77.2368 	EXP 	BlankTest: autoDraw = False
77.2368 	EXP 	BlankTest: autoDraw = False
77.2368 	EXP 	AM_image_1: size = array([0.17361111, 0.17361111])
77.2368 	EXP 	AM_image_1: image = 'materials/Asian/Male/S_A_M_09_250.png'
77.2368 	EXP 	AM_imgae_2: size = array([0.17361111, 0.17361111])
77.2368 	EXP 	AM_imgae_2: image = 'materials/Asian/Male/L_A_M_09_270.png'
77.2368 	EXP 	Fixation2: autoDraw = True
77.7362 	EXP 	Fixation2: autoDraw = False
77.7362 	EXP 	AM_image_1: autoDraw = True
77.7362 	EXP 	AM_imgae_2: autoDraw = True
78.5042 	DATA 	Mouse: Left button down, pos=(1306,460)
78.6206 	DATA 	Mouse:  Left button up, pos=(1306,460)
80.7362 	EXP 	AM_image_1: autoDraw = False
80.7362 	EXP 	AM_imgae_2: autoDraw = False
80.7362 	EXP 	Fixation2: autoDraw = False
80.7362 	EXP 	AM_image_1: autoDraw = False
80.7362 	EXP 	AM_imgae_2: autoDraw = False
80.7362 	EXP 	BlankTest: autoDraw = True
81.2207 	EXP 	New trial (rep=0, index=3): OrderedDict([('Upper_Image', 'materials/Asian/Male/S_A_M_03_250.png'), ('Lower_Image', 'materials/Asian/Male/S_A_M_03_250.png'), ('TrialType', 'S')])
81.2371 	EXP 	BlankTest: autoDraw = False
81.2371 	EXP 	BlankTest: autoDraw = False
81.2371 	EXP 	AM_image_1: size = array([0.17361111, 0.17361111])
81.2371 	EXP 	AM_image_1: image = 'materials/Asian/Male/S_A_M_03_250.png'
81.2371 	EXP 	AM_imgae_2: size = array([0.17361111, 0.17361111])
81.2371 	EXP 	AM_imgae_2: image = 'materials/Asian/Male/S_A_M_03_250.png'
81.2371 	EXP 	Fixation2: autoDraw = True
81.7363 	EXP 	Fixation2: autoDraw = False
81.7363 	EXP 	AM_image_1: autoDraw = True
81.7363 	EXP 	AM_imgae_2: autoDraw = True
83.7879 	DATA 	Mouse: Left button down, pos=(901,631)
83.9376 	DATA 	Mouse:  Left button up, pos=(901,631)
84.4379 	DATA 	Mouse: Left button down, pos=(995,483)
84.5547 	DATA 	Mouse:  Left button up, pos=(995,483)
84.7363 	EXP 	AM_image_1: autoDraw = False
84.7363 	EXP 	AM_imgae_2: autoDraw = False
84.7363 	EXP 	Fixation2: autoDraw = False
84.7363 	EXP 	AM_image_1: autoDraw = False
84.7363 	EXP 	AM_imgae_2: autoDraw = False
84.7363 	EXP 	BlankTest: autoDraw = True
85.2204 	EXP 	New trial (rep=0, index=4): OrderedDict([('Upper_Image', 'materials/Asian/Male/S_A_M_08_250.png'), ('Lower_Image', 'materials/Asian/Male/S_A_M_08_250.png'), ('TrialType', 'S')])
85.2369 	EXP 	BlankTest: autoDraw = False
85.2369 	EXP 	BlankTest: autoDraw = False
85.2369 	EXP 	AM_image_1: size = array([0.17361111, 0.17361111])
85.2369 	EXP 	AM_image_1: image = 'materials/Asian/Male/S_A_M_08_250.png'
85.2369 	EXP 	AM_imgae_2: size = array([0.17361111, 0.17361111])
85.2369 	EXP 	AM_imgae_2: image = 'materials/Asian/Male/S_A_M_08_250.png'
85.2369 	EXP 	Fixation2: autoDraw = True
85.7367 	EXP 	Fixation2: autoDraw = False
85.7367 	EXP 	AM_image_1: autoDraw = True
85.7367 	EXP 	AM_imgae_2: autoDraw = True
86.7887 	DATA 	Mouse: Left button down, pos=(1314,446)
86.8883 	DATA 	Mouse:  Left button up, pos=(1314,446)
87.8546 	DATA 	Mouse: Left button down, pos=(1258,738)
88.0709 	DATA 	Mouse:  Left button up, pos=(1258,738)
88.7369 	EXP 	AM_image_1: autoDraw = False
88.7369 	EXP 	AM_imgae_2: autoDraw = False
88.7369 	EXP 	Fixation2: autoDraw = False
88.7369 	EXP 	AM_image_1: autoDraw = False
88.7369 	EXP 	AM_imgae_2: autoDraw = False
88.7369 	EXP 	BlankTest: autoDraw = True
89.2209 	EXP 	New trial (rep=0, index=5): OrderedDict([('Upper_Image', 'materials/Asian/Male/S_A_M_05_250.png'), ('Lower_Image', 'materials/Asian/Male/S_A_M_05_250.png'), ('TrialType', 'S')])
89.2375 	EXP 	BlankTest: autoDraw = False
89.2375 	EXP 	BlankTest: autoDraw = False
89.2375 	EXP 	AM_image_1: size = array([0.17361111, 0.17361111])
89.2375 	EXP 	AM_image_1: image = 'materials/Asian/Male/S_A_M_05_250.png'
89.2375 	EXP 	AM_imgae_2: size = array([0.17361111, 0.17361111])
89.2375 	EXP 	AM_imgae_2: image = 'materials/Asian/Male/S_A_M_05_250.png'
89.2375 	EXP 	Fixation2: autoDraw = True
89.7369 	EXP 	Fixation2: autoDraw = False
89.7369 	EXP 	AM_image_1: autoDraw = True
89.7369 	EXP 	AM_imgae_2: autoDraw = True
90.4549 	DATA 	Mouse: Left button down, pos=(1282,942)
90.5213 	DATA 	Mouse:  Left button up, pos=(1282,942)
91.4885 	DATA 	Mouse: Left button down, pos=(1251,499)
91.5717 	DATA 	Mouse:  Left button up, pos=(1251,499)
91.6885 	DATA 	Mouse: Left button down, pos=(1251,499)
91.7881 	DATA 	Mouse:  Left button up, pos=(1251,499)
91.8716 	DATA 	Mouse: Left button down, pos=(1251,499)
91.9703 	DATA 	Mouse:  Left button up, pos=(1251,499)
92.7371 	EXP 	AM_image_1: autoDraw = False
92.7371 	EXP 	AM_imgae_2: autoDraw = False
92.7371 	EXP 	Fixation2: autoDraw = False
92.7371 	EXP 	AM_image_1: autoDraw = False
92.7371 	EXP 	AM_imgae_2: autoDraw = False
92.7371 	EXP 	BlankTest: autoDraw = True
93.2213 	EXP 	New trial (rep=0, index=6): OrderedDict([('Upper_Image', 'materials/Asian/Male/S_A_M_10_250.png'), ('Lower_Image', 'materials/Asian/Male/S_A_M_10_250.png'), ('TrialType', 'S')])
93.2377 	EXP 	BlankTest: autoDraw = False
93.2377 	EXP 	BlankTest: autoDraw = False
93.2377 	EXP 	AM_image_1: size = array([0.17361111, 0.17361111])
93.2377 	EXP 	AM_image_1: image = 'materials/Asian/Male/S_A_M_10_250.png'
93.2377 	EXP 	AM_imgae_2: size = array([0.17361111, 0.17361111])
93.2377 	EXP 	AM_imgae_2: image = 'materials/Asian/Male/S_A_M_10_250.png'
93.2377 	EXP 	Fixation2: autoDraw = True
93.7200 	EXP 	AM_image_1: autoDraw = True
93.7200 	EXP 	AM_imgae_2: autoDraw = True
93.7536 	EXP 	Fixation2: autoDraw = False
94.5719 	DATA 	Mouse: Left button down, pos=(1272,484)
94.7076 	DATA 	Mouse:  Left button up, pos=(1272,484)
94.7718 	DATA 	Mouse: Left button down, pos=(1272,484)
94.9057 	DATA 	Mouse:  Left button up, pos=(1272,484)
94.9884 	DATA 	Mouse: Left button down, pos=(1272,484)
95.0885 	DATA 	Mouse:  Left button up, pos=(1272,484)
95.8392 	DATA 	Mouse: Left button down, pos=(1259,683)
95.9558 	DATA 	Mouse:  Left button up, pos=(1259,683)
96.4552 	DATA 	Mouse: Left button down, pos=(1277,917)
96.5228 	DATA 	Mouse:  Left button up, pos=(1277,917)
96.7204 	EXP 	AM_image_1: autoDraw = False
96.7204 	EXP 	AM_imgae_2: autoDraw = False
96.7204 	EXP 	Fixation2: autoDraw = False
96.7204 	EXP 	AM_image_1: autoDraw = False
96.7204 	EXP 	AM_imgae_2: autoDraw = False
96.7204 	EXP 	BlankTest: autoDraw = True
96.9085 	DATA 	Keypress: escape
97.3043 	EXP 	window1: mouseVisible = True
